{
  "stats": {
    "suites": 1,
    "tests": 2,
    "passes": 2,
    "pending": 0,
    "failures": 0,
    "start": "2025-11-26T20:04:57.737Z",
    "end": "2025-11-26T20:05:00.647Z",
    "duration": 2910,
    "testsRegistered": 2,
    "passPercent": 100,
    "pendingPercent": 0,
    "other": 0,
    "hasOther": false,
    "skipped": 0,
    "hasSkipped": false
  },
  "results": [
    {
      "uuid": "8c72dbd5-5ad9-4687-8b78-a9dd7b46e767",
      "title": "",
      "fullFile": "cypress\\e2e\\regression\\regression.cy.js",
      "file": "cypress\\e2e\\regression\\regression.cy.js",
      "beforeHooks": [],
      "afterHooks": [],
      "tests": [],
      "suites": [
        {
          "uuid": "38542710-37ae-43e6-89e3-e7c06fd3bce8",
          "title": "Regression Login Test - SauceDemo",
          "fullFile": "",
          "file": "",
          "beforeHooks": [],
          "afterHooks": [],
          "tests": [
            {
              "title": "should load login page correctly",
              "fullTitle": "Regression Login Test - SauceDemo should load login page correctly",
              "timedOut": null,
              "duration": 1267,
              "state": "passed",
              "speed": "fast",
              "pass": true,
              "fail": false,
              "pending": false,
              "context": null,
              "code": "cy.get('[data-test=username]').should('be.visible');\ncy.get('[data-test=password]').should('be.visible');",
              "err": {},
              "uuid": "71e95be2-e6c1-44fb-997e-3ff557a739bd",
              "parentUUID": "38542710-37ae-43e6-89e3-e7c06fd3bce8",
              "isHook": false,
              "skipped": false
            },
            {
              "title": "should show error for wrong credentials",
              "fullTitle": "Regression Login Test - SauceDemo should show error for wrong credentials",
              "timedOut": null,
              "duration": 1372,
              "state": "passed",
              "speed": "fast",
              "pass": true,
              "fail": false,
              "pending": false,
              "context": null,
              "code": "cy.get('[data-test=username]').type('wrong_user');\ncy.get('[data-test=password]').type('wrong_password');\ncy.get('[data-test=login-button]').click();\ncy.get('[data-test=error]').should('contain', 'Username and password do not match');",
              "err": {},
              "uuid": "cebd3bde-07bd-49a3-9ed0-a7ddc262310d",
              "parentUUID": "38542710-37ae-43e6-89e3-e7c06fd3bce8",
              "isHook": false,
              "skipped": false
            }
          ],
          "suites": [],
          "passes": [
            "71e95be2-e6c1-44fb-997e-3ff557a739bd",
            "cebd3bde-07bd-49a3-9ed0-a7ddc262310d"
          ],
          "failures": [],
          "pending": [],
          "skipped": [],
          "duration": 2639,
          "root": false,
          "rootEmpty": false,
          "_timeout": 2000
        }
      ],
      "passes": [],
      "failures": [],
      "pending": [],
      "skipped": [],
      "duration": 0,
      "root": true,
      "rootEmpty": true,
      "_timeout": 2000
    }
  ],
  "meta": {
    "mocha": {
      "version": "7.2.0"
    },
    "mochawesome": {
      "options": {
        "quiet": false,
        "reportFilename": "mochawesome",
        "saveHtml": false,
        "saveJson": true,
        "consoleReporter": "spec",
        "useInlineDiffs": false,
        "code": true
      },
      "version": "7.1.4"
    },
    "marge": {
      "options": {
        "reportDir": "cypress/reports",
        "overwrite": false,
        "html": false,
        "json": true
      },
      "version": "6.3.2"
    }
  }
}