{
  "stats": {
    "suites": 1,
    "tests": 2,
    "passes": 2,
    "pending": 0,
    "failures": 0,
    "start": "2025-11-28T12:40:54.292Z",
    "end": "2025-11-28T12:40:55.150Z",
    "duration": 858,
    "testsRegistered": 2,
    "passPercent": 100,
    "pendingPercent": 0,
    "other": 0,
    "hasOther": false,
    "skipped": 0,
    "hasSkipped": false
  },
  "results": [
    {
      "uuid": "54f0c74b-887a-4fda-82fd-2c2878c1f9c0",
      "title": "",
      "fullFile": "cypress\\e2e\\api\\api_negative.cy.js",
      "file": "cypress\\e2e\\api\\api_negative.cy.js",
      "beforeHooks": [],
      "afterHooks": [],
      "tests": [],
      "suites": [
        {
          "uuid": "53c00736-0c60-4c65-9032-00471e781735",
          "title": "API Negative Tests",
          "fullFile": "",
          "file": "",
          "beforeHooks": [],
          "afterHooks": [],
          "tests": [
            {
              "title": "GET - 404 Not Found",
              "fullTitle": "API Negative Tests GET - 404 Not Found",
              "timedOut": null,
              "duration": 541,
              "state": "passed",
              "speed": "fast",
              "pass": true,
              "fail": false,
              "pending": false,
              "context": null,
              "code": "cy.request({\n  url: 'https://jsonplaceholder.typicode.com/postssss',\n  failOnStatusCode: false // importante per testare i codici di errore\n}).then(response => {\n  expect(response.status).to.eq(404);\n});",
              "err": {},
              "uuid": "98057523-597e-4ff9-a1c4-928327eb2414",
              "parentUUID": "53c00736-0c60-4c65-9032-00471e781735",
              "isHook": false,
              "skipped": false
            },
            {
              "title": "POST - Body mancante",
              "fullTitle": "API Negative Tests POST - Body mancante",
              "timedOut": null,
              "duration": 210,
              "state": "passed",
              "speed": "fast",
              "pass": true,
              "fail": false,
              "pending": false,
              "context": null,
              "code": "cy.request({\n  method: 'POST',\n  url: 'https://jsonplaceholder.typicode.com/posts',\n  failOnStatusCode: false,\n  body: {}\n}).then(response => {\n  expect(response.status).to.be.oneOf([400, 201]);\n  // dipende da JSONPlaceholder, normalmente risponde 201\n});",
              "err": {},
              "uuid": "e8574331-d18a-4c0c-ae72-2c3fb8542c28",
              "parentUUID": "53c00736-0c60-4c65-9032-00471e781735",
              "isHook": false,
              "skipped": false
            }
          ],
          "suites": [],
          "passes": [
            "98057523-597e-4ff9-a1c4-928327eb2414",
            "e8574331-d18a-4c0c-ae72-2c3fb8542c28"
          ],
          "failures": [],
          "pending": [],
          "skipped": [],
          "duration": 751,
          "root": false,
          "rootEmpty": false,
          "_timeout": 2000
        }
      ],
      "passes": [],
      "failures": [],
      "pending": [],
      "skipped": [],
      "duration": 0,
      "root": true,
      "rootEmpty": true,
      "_timeout": 2000
    }
  ],
  "meta": {
    "mocha": {
      "version": "7.2.0"
    },
    "mochawesome": {
      "options": {
        "quiet": false,
        "reportFilename": "mochawesome",
        "saveHtml": false,
        "saveJson": true,
        "consoleReporter": "spec",
        "useInlineDiffs": false,
        "code": true
      },
      "version": "7.1.4"
    },
    "marge": {
      "options": {
        "reportDir": "cypress/reports",
        "overwrite": false,
        "html": false,
        "json": true
      },
      "version": "6.3.2"
    }
  }
}