{
  "stats": {
    "suites": 1,
    "tests": 2,
    "passes": 2,
    "pending": 0,
    "failures": 0,
    "start": "2025-11-26T19:42:17.769Z",
    "end": "2025-11-26T19:42:23.209Z",
    "duration": 5440,
    "testsRegistered": 2,
    "passPercent": 100,
    "pendingPercent": 0,
    "other": 0,
    "hasOther": false,
    "skipped": 0,
    "hasSkipped": false
  },
  "results": [
    {
      "uuid": "0ab4211d-ec1a-4c2d-9dd6-f37ccfddc7a4",
      "title": "",
      "fullFile": "cypress\\e2e\\dataDriven\\dataDriven.cy.js",
      "file": "cypress\\e2e\\dataDriven\\dataDriven.cy.js",
      "beforeHooks": [],
      "afterHooks": [],
      "tests": [],
      "suites": [
        {
          "uuid": "694071ee-1fb9-41e9-bcbe-40309b394151",
          "title": "Data Driven Login - SauceDemo",
          "fullFile": "",
          "file": "",
          "beforeHooks": [],
          "afterHooks": [],
          "tests": [
            {
              "title": "should login for standard_user",
              "fullTitle": "Data Driven Login - SauceDemo should login for standard_user",
              "timedOut": null,
              "duration": 3592,
              "state": "passed",
              "speed": "fast",
              "pass": true,
              "fail": false,
              "pending": false,
              "context": null,
              "code": "cy.visit('/');\ncy.get('[data-test=username]').type(user.username);\ncy.get('[data-test=password]').type(user.password);\ncy.get('[data-test=login-button]').click();\nif (user.valid) {\n  cy.url().should('include', '/inventory.html');\n} else {\n  cy.get('[data-test=error]').should('contain', 'locked out');\n}",
              "err": {},
              "uuid": "3a0ce06f-07bf-48e2-a9ef-3b1c33dd97f9",
              "parentUUID": "694071ee-1fb9-41e9-bcbe-40309b394151",
              "isHook": false,
              "skipped": false
            },
            {
              "title": "should fail for locked_out_user",
              "fullTitle": "Data Driven Login - SauceDemo should fail for locked_out_user",
              "timedOut": null,
              "duration": 1601,
              "state": "passed",
              "speed": "fast",
              "pass": true,
              "fail": false,
              "pending": false,
              "context": null,
              "code": "cy.visit('/');\ncy.get('[data-test=username]').type(user.username);\ncy.get('[data-test=password]').type(user.password);\ncy.get('[data-test=login-button]').click();\nif (user.valid) {\n  cy.url().should('include', '/inventory.html');\n} else {\n  cy.get('[data-test=error]').should('contain', 'locked out');\n}",
              "err": {},
              "uuid": "f14ee9c4-2a6d-4e7a-b882-24e040dcfdeb",
              "parentUUID": "694071ee-1fb9-41e9-bcbe-40309b394151",
              "isHook": false,
              "skipped": false
            }
          ],
          "suites": [],
          "passes": [
            "3a0ce06f-07bf-48e2-a9ef-3b1c33dd97f9",
            "f14ee9c4-2a6d-4e7a-b882-24e040dcfdeb"
          ],
          "failures": [],
          "pending": [],
          "skipped": [],
          "duration": 5193,
          "root": false,
          "rootEmpty": false,
          "_timeout": 2000
        }
      ],
      "passes": [],
      "failures": [],
      "pending": [],
      "skipped": [],
      "duration": 0,
      "root": true,
      "rootEmpty": true,
      "_timeout": 2000
    }
  ],
  "meta": {
    "mocha": {
      "version": "7.2.0"
    },
    "mochawesome": {
      "options": {
        "quiet": false,
        "reportFilename": "mochawesome",
        "saveHtml": false,
        "saveJson": true,
        "consoleReporter": "spec",
        "useInlineDiffs": false,
        "code": true
      },
      "version": "7.1.4"
    },
    "marge": {
      "options": {
        "reportDir": "cypress/reports",
        "overwrite": false,
        "html": false,
        "json": true
      },
      "version": "6.3.2"
    }
  }
}