{
  "stats": {
    "suites": 1,
    "tests": 1,
    "passes": 1,
    "pending": 0,
    "failures": 0,
    "start": "2025-11-26T19:42:53.073Z",
    "end": "2025-11-26T19:42:54.674Z",
    "duration": 1601,
    "testsRegistered": 1,
    "passPercent": 100,
    "pendingPercent": 0,
    "other": 0,
    "hasOther": false,
    "skipped": 0,
    "hasSkipped": false
  },
  "results": [
    {
      "uuid": "c13594bf-820b-4512-8d80-ce75f4d98e26",
      "title": "",
      "fullFile": "cypress\\e2e\\real_sites\\01_homepage.cy.js",
      "file": "cypress\\e2e\\real_sites\\01_homepage.cy.js",
      "beforeHooks": [],
      "afterHooks": [],
      "tests": [],
      "suites": [
        {
          "uuid": "79ac9874-7a4b-4c59-9b35-0ede303b4789",
          "title": "Homepage Tests - SauceDemo",
          "fullFile": "",
          "file": "",
          "beforeHooks": [],
          "afterHooks": [],
          "tests": [
            {
              "title": "should display login form correctly",
              "fullTitle": "Homepage Tests - SauceDemo should display login form correctly",
              "timedOut": null,
              "duration": 1373,
              "state": "passed",
              "speed": "fast",
              "pass": true,
              "fail": false,
              "pending": false,
              "context": null,
              "code": "cy.get('[data-test=username]').should('be.visible');\ncy.get('[data-test=password]').should('be.visible');\ncy.get('[data-test=login-button]').should('be.visible');",
              "err": {},
              "uuid": "7edde59e-c7dd-454c-b26a-920c2ff36251",
              "parentUUID": "79ac9874-7a4b-4c59-9b35-0ede303b4789",
              "isHook": false,
              "skipped": false
            }
          ],
          "suites": [],
          "passes": [
            "7edde59e-c7dd-454c-b26a-920c2ff36251"
          ],
          "failures": [],
          "pending": [],
          "skipped": [],
          "duration": 1373,
          "root": false,
          "rootEmpty": false,
          "_timeout": 2000
        }
      ],
      "passes": [],
      "failures": [],
      "pending": [],
      "skipped": [],
      "duration": 0,
      "root": true,
      "rootEmpty": true,
      "_timeout": 2000
    }
  ],
  "meta": {
    "mocha": {
      "version": "7.2.0"
    },
    "mochawesome": {
      "options": {
        "quiet": false,
        "reportFilename": "mochawesome",
        "saveHtml": false,
        "saveJson": true,
        "consoleReporter": "spec",
        "useInlineDiffs": false,
        "code": true
      },
      "version": "7.1.4"
    },
    "marge": {
      "options": {
        "reportDir": "cypress/reports",
        "overwrite": false,
        "html": false,
        "json": true
      },
      "version": "6.3.2"
    }
  }
}