{
  "stats": {
    "suites": 1,
    "tests": 1,
    "passes": 1,
    "pending": 0,
    "failures": 0,
    "start": "2025-11-28T16:17:46.300Z",
    "end": "2025-11-28T16:17:48.271Z",
    "duration": 1971,
    "testsRegistered": 1,
    "passPercent": 100,
    "pendingPercent": 0,
    "other": 0,
    "hasOther": false,
    "skipped": 0,
    "hasSkipped": false
  },
  "results": [
    {
      "uuid": "2363a551-c48a-4a93-8161-ff05d80e7006",
      "title": "",
      "fullFile": "cypress\\e2e\\smoke\\07_dropdown_realsite.cy.js",
      "file": "cypress\\e2e\\smoke\\07_dropdown_realsite.cy.js",
      "beforeHooks": [],
      "afterHooks": [],
      "tests": [],
      "suites": [
        {
          "uuid": "946672ec-3ae8-45ee-8103-e207169d75b7",
          "title": "Product Filter Dropdown - Smoke Test",
          "fullFile": "",
          "file": "",
          "beforeHooks": [],
          "afterHooks": [],
          "tests": [
            {
              "title": "Dovrebbe selezionare il filtro \"Price (low to high)\" e controllare il primo prezzo",
              "fullTitle": "Product Filter Dropdown - Smoke Test Dovrebbe selezionare il filtro \"Price (low to high)\" e controllare il primo prezzo",
              "timedOut": null,
              "duration": 1869,
              "state": "passed",
              "speed": "fast",
              "pass": true,
              "fail": false,
              "pending": false,
              "context": null,
              "code": "// Seleziona opzione nel dropdown usando Page Object\n_ProductsPage.default.selectSortOption('lohi');\n// Controllo che il primo prezzo sia il più basso\n_ProductsPage.default.productPrice().first().should('contain.text', '7.99');",
              "err": {},
              "uuid": "50d697df-c882-4c3a-af35-4f970eacd9ac",
              "parentUUID": "946672ec-3ae8-45ee-8103-e207169d75b7",
              "isHook": false,
              "skipped": false
            }
          ],
          "suites": [],
          "passes": [
            "50d697df-c882-4c3a-af35-4f970eacd9ac"
          ],
          "failures": [],
          "pending": [],
          "skipped": [],
          "duration": 1869,
          "root": false,
          "rootEmpty": false,
          "_timeout": 2000
        }
      ],
      "passes": [],
      "failures": [],
      "pending": [],
      "skipped": [],
      "duration": 0,
      "root": true,
      "rootEmpty": true,
      "_timeout": 2000
    }
  ],
  "meta": {
    "mocha": {
      "version": "7.2.0"
    },
    "mochawesome": {
      "options": {
        "quiet": false,
        "reportFilename": "mochawesome",
        "saveHtml": false,
        "saveJson": true,
        "consoleReporter": "spec",
        "useInlineDiffs": false,
        "code": true
      },
      "version": "7.1.4"
    },
    "marge": {
      "options": {
        "reportDir": "cypress/reports",
        "overwrite": false,
        "html": false,
        "json": true
      },
      "version": "6.3.2"
    }
  }
}