{
  "stats": {
    "suites": 1,
    "tests": 1,
    "passes": 1,
    "pending": 0,
    "failures": 0,
    "start": "2025-11-26T16:10:41.586Z",
    "end": "2025-11-26T16:10:43.263Z",
    "duration": 1677,
    "testsRegistered": 1,
    "passPercent": 100,
    "pendingPercent": 0,
    "other": 0,
    "hasOther": false,
    "skipped": 0,
    "hasSkipped": false
  },
  "results": [
    {
      "uuid": "13e20cbf-d863-430d-a326-cc9094530a45",
      "title": "",
      "fullFile": "cypress\\e2e\\real_sites\\01_homepage.cy.js",
      "file": "cypress\\e2e\\real_sites\\01_homepage.cy.js",
      "beforeHooks": [],
      "afterHooks": [],
      "tests": [],
      "suites": [
        {
          "uuid": "9c7620a6-38d1-462c-9ca5-2cb2ab7fa936",
          "title": "Homepage Tests - SauceDemo",
          "fullFile": "",
          "file": "",
          "beforeHooks": [],
          "afterHooks": [],
          "tests": [
            {
              "title": "should display login form correctly",
              "fullTitle": "Homepage Tests - SauceDemo should display login form correctly",
              "timedOut": null,
              "duration": 1499,
              "state": "passed",
              "speed": "fast",
              "pass": true,
              "fail": false,
              "pending": false,
              "context": null,
              "code": "cy.get('[data-test=username]').should('be.visible');\ncy.get('[data-test=password]').should('be.visible');\ncy.get('[data-test=login-button]').should('be.visible');",
              "err": {},
              "uuid": "732bc31d-daff-4fe1-8a56-2af99bd0bef3",
              "parentUUID": "9c7620a6-38d1-462c-9ca5-2cb2ab7fa936",
              "isHook": false,
              "skipped": false
            }
          ],
          "suites": [],
          "passes": [
            "732bc31d-daff-4fe1-8a56-2af99bd0bef3"
          ],
          "failures": [],
          "pending": [],
          "skipped": [],
          "duration": 1499,
          "root": false,
          "rootEmpty": false,
          "_timeout": 2000
        }
      ],
      "passes": [],
      "failures": [],
      "pending": [],
      "skipped": [],
      "duration": 0,
      "root": true,
      "rootEmpty": true,
      "_timeout": 2000
    }
  ],
  "meta": {
    "mocha": {
      "version": "7.2.0"
    },
    "mochawesome": {
      "options": {
        "quiet": false,
        "reportFilename": "mochawesome",
        "saveHtml": false,
        "saveJson": true,
        "consoleReporter": "spec",
        "useInlineDiffs": false,
        "code": true
      },
      "version": "7.1.4"
    },
    "marge": {
      "options": {
        "reportDir": "cypress/reports",
        "overwrite": false,
        "html": false,
        "json": true
      },
      "version": "6.3.2"
    }
  }
}