{
  "stats": {
    "suites": 1,
    "tests": 2,
    "passes": 2,
    "pending": 0,
    "failures": 0,
    "start": "2025-11-26T16:55:05.698Z",
    "end": "2025-11-26T16:55:07.189Z",
    "duration": 1491,
    "testsRegistered": 2,
    "passPercent": 100,
    "pendingPercent": 0,
    "other": 0,
    "hasOther": false,
    "skipped": 0,
    "hasSkipped": false
  },
  "results": [
    {
      "uuid": "91cea0ab-44f0-4af9-af29-8969c6e9d72c",
      "title": "",
      "fullFile": "cypress\\e2e\\regression\\regression.cy.js",
      "file": "cypress\\e2e\\regression\\regression.cy.js",
      "beforeHooks": [],
      "afterHooks": [],
      "tests": [],
      "suites": [
        {
          "uuid": "3c8c61cc-5a31-443c-91af-1d25041760e5",
          "title": "Regression Login Test - SauceDemo",
          "fullFile": "",
          "file": "",
          "beforeHooks": [],
          "afterHooks": [],
          "tests": [
            {
              "title": "should load login page correctly",
              "fullTitle": "Regression Login Test - SauceDemo should load login page correctly",
              "timedOut": null,
              "duration": 419,
              "state": "passed",
              "speed": "fast",
              "pass": true,
              "fail": false,
              "pending": false,
              "context": null,
              "code": "cy.get('[data-test=username]').should('be.visible');\ncy.get('[data-test=password]').should('be.visible');",
              "err": {},
              "uuid": "a42be68f-20da-4a77-808b-fdba6727ef8e",
              "parentUUID": "3c8c61cc-5a31-443c-91af-1d25041760e5",
              "isHook": false,
              "skipped": false
            },
            {
              "title": "should show error for wrong credentials",
              "fullTitle": "Regression Login Test - SauceDemo should show error for wrong credentials",
              "timedOut": null,
              "duration": 951,
              "state": "passed",
              "speed": "fast",
              "pass": true,
              "fail": false,
              "pending": false,
              "context": null,
              "code": "cy.get('[data-test=username]').type('wrong_user');\ncy.get('[data-test=password]').type('wrong_password');\ncy.get('[data-test=login-button]').click();\ncy.get('[data-test=error]').should('contain', 'Username and password do not match');",
              "err": {},
              "uuid": "80388643-6215-4f39-a52e-3ee4da4a07ce",
              "parentUUID": "3c8c61cc-5a31-443c-91af-1d25041760e5",
              "isHook": false,
              "skipped": false
            }
          ],
          "suites": [],
          "passes": [
            "a42be68f-20da-4a77-808b-fdba6727ef8e",
            "80388643-6215-4f39-a52e-3ee4da4a07ce"
          ],
          "failures": [],
          "pending": [],
          "skipped": [],
          "duration": 1370,
          "root": false,
          "rootEmpty": false,
          "_timeout": 2000
        }
      ],
      "passes": [],
      "failures": [],
      "pending": [],
      "skipped": [],
      "duration": 0,
      "root": true,
      "rootEmpty": true,
      "_timeout": 2000
    }
  ],
  "meta": {
    "mocha": {
      "version": "7.2.0"
    },
    "mochawesome": {
      "options": {
        "quiet": false,
        "reportFilename": "mochawesome",
        "saveHtml": false,
        "saveJson": true,
        "consoleReporter": "spec",
        "useInlineDiffs": false,
        "code": true
      },
      "version": "7.1.4"
    },
    "marge": {
      "options": {
        "reportDir": "cypress/reports",
        "overwrite": false,
        "html": false,
        "json": true
      },
      "version": "6.3.2"
    }
  }
}