{
  "stats": {
    "suites": 1,
    "tests": 1,
    "passes": 1,
    "pending": 0,
    "failures": 0,
    "start": "2025-11-28T16:27:36.659Z",
    "end": "2025-11-28T16:27:37.203Z",
    "duration": 544,
    "testsRegistered": 1,
    "passPercent": 100,
    "pendingPercent": 0,
    "other": 0,
    "hasOther": false,
    "skipped": 0,
    "hasSkipped": false
  },
  "results": [
    {
      "uuid": "a04f173b-4c16-4998-899c-5b7882e51245",
      "title": "",
      "fullFile": "cypress\\e2e\\smoke\\00_hello_realsite.cy.js",
      "file": "cypress\\e2e\\smoke\\00_hello_realsite.cy.js",
      "beforeHooks": [],
      "afterHooks": [],
      "tests": [],
      "suites": [
        {
          "uuid": "2d1bc227-3607-48ec-a9dc-5427a84b2e82",
          "title": "Hello World Smoke Test - SauceDemo",
          "fullFile": "",
          "file": "",
          "beforeHooks": [],
          "afterHooks": [],
          "tests": [
            {
              "title": "Dovrebbe visitare la homepage e controllare il titolo",
              "fullTitle": "Hello World Smoke Test - SauceDemo Dovrebbe visitare la homepage e controllare il titolo",
              "timedOut": null,
              "duration": 488,
              "state": "passed",
              "speed": "fast",
              "pass": true,
              "fail": false,
              "pending": false,
              "context": null,
              "code": "// Visita la homepage di SauceDemo\ncy.visit('https://www.saucedemo.com/');\n// Controlla che il titolo della pagina contenga \"Swag Labs\"\ncy.title().should('include', 'Swag Labs');",
              "err": {},
              "uuid": "7c96a858-4a69-4f03-9e81-d74bfafd002b",
              "parentUUID": "2d1bc227-3607-48ec-a9dc-5427a84b2e82",
              "isHook": false,
              "skipped": false
            }
          ],
          "suites": [],
          "passes": [
            "7c96a858-4a69-4f03-9e81-d74bfafd002b"
          ],
          "failures": [],
          "pending": [],
          "skipped": [],
          "duration": 488,
          "root": false,
          "rootEmpty": false,
          "_timeout": 2000
        }
      ],
      "passes": [],
      "failures": [],
      "pending": [],
      "skipped": [],
      "duration": 0,
      "root": true,
      "rootEmpty": true,
      "_timeout": 2000
    }
  ],
  "meta": {
    "mocha": {
      "version": "7.2.0"
    },
    "mochawesome": {
      "options": {
        "quiet": false,
        "reportFilename": "mochawesome",
        "saveHtml": false,
        "saveJson": true,
        "consoleReporter": "spec",
        "useInlineDiffs": false,
        "code": true
      },
      "version": "7.1.4"
    },
    "marge": {
      "options": {
        "reportDir": "cypress/reports",
        "overwrite": false,
        "html": false,
        "json": true
      },
      "version": "6.3.2"
    }
  }
}