{
  "stats": {
    "suites": 1,
    "tests": 1,
    "passes": 1,
    "pending": 0,
    "failures": 0,
    "start": "2025-11-28T13:32:22.038Z",
    "end": "2025-11-28T13:32:23.829Z",
    "duration": 1791,
    "testsRegistered": 1,
    "passPercent": 100,
    "pendingPercent": 0,
    "other": 0,
    "hasOther": false,
    "skipped": 0,
    "hasSkipped": false
  },
  "results": [
    {
      "uuid": "e4048a4a-a578-4215-89e9-94e48345a58a",
      "title": "",
      "fullFile": "cypress\\e2e\\smoke\\001_hello_realsite.cy.js",
      "file": "cypress\\e2e\\smoke\\001_hello_realsite.cy.js",
      "beforeHooks": [],
      "afterHooks": [],
      "tests": [],
      "suites": [
        {
          "uuid": "926a357c-fe50-4766-a61a-147ceb505440",
          "title": "Hello World Smoke Test - SauceDemo",
          "fullFile": "",
          "file": "",
          "beforeHooks": [],
          "afterHooks": [],
          "tests": [
            {
              "title": "Dovrebbe visitare la homepage e controllare il titolo",
              "fullTitle": "Hello World Smoke Test - SauceDemo Dovrebbe visitare la homepage e controllare il titolo",
              "timedOut": null,
              "duration": 1683,
              "state": "passed",
              "speed": "fast",
              "pass": true,
              "fail": false,
              "pending": false,
              "context": null,
              "code": "// Visita la homepage di SauceDemo\ncy.visit('https://www.saucedemo.com/');\n// Controlla che il titolo della pagina contenga \"Swag Labs\"\ncy.title().should('include', 'Swag Labs');",
              "err": {},
              "uuid": "cc3f7dde-6b31-49a1-a525-2228e09b81ef",
              "parentUUID": "926a357c-fe50-4766-a61a-147ceb505440",
              "isHook": false,
              "skipped": false
            }
          ],
          "suites": [],
          "passes": [
            "cc3f7dde-6b31-49a1-a525-2228e09b81ef"
          ],
          "failures": [],
          "pending": [],
          "skipped": [],
          "duration": 1683,
          "root": false,
          "rootEmpty": false,
          "_timeout": 2000
        }
      ],
      "passes": [],
      "failures": [],
      "pending": [],
      "skipped": [],
      "duration": 0,
      "root": true,
      "rootEmpty": true,
      "_timeout": 2000
    }
  ],
  "meta": {
    "mocha": {
      "version": "7.2.0"
    },
    "mochawesome": {
      "options": {
        "quiet": false,
        "reportFilename": "mochawesome",
        "saveHtml": false,
        "saveJson": true,
        "consoleReporter": "spec",
        "useInlineDiffs": false,
        "code": true
      },
      "version": "7.1.4"
    },
    "marge": {
      "options": {
        "reportDir": "cypress/reports",
        "overwrite": false,
        "html": false,
        "json": true
      },
      "version": "6.3.2"
    }
  }
}