{
  "stats": {
    "suites": 1,
    "tests": 1,
    "passes": 1,
    "pending": 0,
    "failures": 0,
    "start": "2025-11-27T16:10:59.466Z",
    "end": "2025-11-27T16:11:06.287Z",
    "duration": 6821,
    "testsRegistered": 1,
    "passPercent": 100,
    "pendingPercent": 0,
    "other": 0,
    "hasOther": false,
    "skipped": 0,
    "hasSkipped": false
  },
  "results": [
    {
      "uuid": "4c0b9d2a-bf1a-403a-a61f-d61d759911e4",
      "title": "",
      "fullFile": "cypress\\e2e\\basics\\hello.cy.js",
      "file": "cypress\\e2e\\basics\\hello.cy.js",
      "beforeHooks": [],
      "afterHooks": [],
      "tests": [],
      "suites": [
        {
          "uuid": "7ab25f2b-07a4-465b-85d6-ea916ddb9aca",
          "title": "Hello World Test",
          "fullFile": "",
          "file": "",
          "beforeHooks": [],
          "afterHooks": [],
          "tests": [
            {
              "title": "Visita Google e controlla il titolo",
              "fullTitle": "Hello World Test Visita Google e controlla il titolo",
              "timedOut": null,
              "duration": 2219,
              "state": "passed",
              "speed": "fast",
              "pass": true,
              "fail": false,
              "pending": false,
              "context": null,
              "code": "cy.visit('https://www.google.com');\ncy.title().should('include', 'Google');",
              "err": {},
              "uuid": "76da739e-824b-4e2e-8786-aaf17e771654",
              "parentUUID": "7ab25f2b-07a4-465b-85d6-ea916ddb9aca",
              "isHook": false,
              "skipped": false
            }
          ],
          "suites": [],
          "passes": [
            "76da739e-824b-4e2e-8786-aaf17e771654"
          ],
          "failures": [],
          "pending": [],
          "skipped": [],
          "duration": 2219,
          "root": false,
          "rootEmpty": false,
          "_timeout": 2000
        }
      ],
      "passes": [],
      "failures": [],
      "pending": [],
      "skipped": [],
      "duration": 0,
      "root": true,
      "rootEmpty": true,
      "_timeout": 2000
    }
  ],
  "meta": {
    "mocha": {
      "version": "7.2.0"
    },
    "mochawesome": {
      "options": {
        "quiet": false,
        "reportFilename": "mochawesome",
        "saveHtml": false,
        "saveJson": true,
        "consoleReporter": "spec",
        "useInlineDiffs": false,
        "code": true
      },
      "version": "7.1.4"
    },
    "marge": {
      "options": {
        "reportDir": "cypress/reports",
        "overwrite": false,
        "html": false,
        "json": true
      },
      "version": "6.3.2"
    }
  }
}