{
  "stats": {
    "suites": 1,
    "tests": 2,
    "passes": 2,
    "pending": 0,
    "failures": 0,
    "start": "2025-11-28T16:01:15.946Z",
    "end": "2025-11-28T16:01:20.200Z",
    "duration": 4254,
    "testsRegistered": 2,
    "passPercent": 100,
    "pendingPercent": 0,
    "other": 0,
    "hasOther": false,
    "skipped": 0,
    "hasSkipped": false
  },
  "results": [
    {
      "uuid": "605e40dc-0183-4acc-8f75-a0c200412154",
      "title": "",
      "fullFile": "cypress\\e2e\\login\\login.cy.js",
      "file": "cypress\\e2e\\login\\login.cy.js",
      "beforeHooks": [],
      "afterHooks": [],
      "tests": [],
      "suites": [
        {
          "uuid": "360ede6c-80b6-4f41-87fb-9b6a8bf78b2f",
          "title": "Login Tests - SauceDemo",
          "fullFile": "",
          "file": "",
          "beforeHooks": [],
          "afterHooks": [],
          "tests": [
            {
              "title": "should login successfully with valid credentials",
              "fullTitle": "Login Tests - SauceDemo should login successfully with valid credentials",
              "timedOut": null,
              "duration": 2518,
              "state": "passed",
              "speed": "fast",
              "pass": true,
              "fail": false,
              "pending": false,
              "context": null,
              "code": "// Esegue login tramite metodo del Page Object\n_LoginPage.default.login('standard_user', 'secret_sauce');\n// Verifica che l'URL sia quello della pagina inventario (login riuscito)\ncy.url().should('include', '/inventory.html');",
              "err": {},
              "uuid": "fde27c2f-aa2c-429f-bd12-7dd6be2703d1",
              "parentUUID": "360ede6c-80b6-4f41-87fb-9b6a8bf78b2f",
              "isHook": false,
              "skipped": false
            },
            {
              "title": "should show error on invalid credentials",
              "fullTitle": "Login Tests - SauceDemo should show error on invalid credentials",
              "timedOut": null,
              "duration": 1575,
              "state": "passed",
              "speed": "fast",
              "pass": true,
              "fail": false,
              "pending": false,
              "context": null,
              "code": "// Prova a eseguire login con credenziali errate\n_LoginPage.default.login('wrong_user', 'wrong_password');\n// Verifica la presenza del messaggio di errore\n_LoginPage.default.errorMessage.should('be.visible').and('contain.text', 'Username and password do not match any user in this service');",
              "err": {},
              "uuid": "43742ee2-9e80-43d6-8fb9-8b041a5816ef",
              "parentUUID": "360ede6c-80b6-4f41-87fb-9b6a8bf78b2f",
              "isHook": false,
              "skipped": false
            }
          ],
          "suites": [],
          "passes": [
            "fde27c2f-aa2c-429f-bd12-7dd6be2703d1",
            "43742ee2-9e80-43d6-8fb9-8b041a5816ef"
          ],
          "failures": [],
          "pending": [],
          "skipped": [],
          "duration": 4093,
          "root": false,
          "rootEmpty": false,
          "_timeout": 2000
        }
      ],
      "passes": [],
      "failures": [],
      "pending": [],
      "skipped": [],
      "duration": 0,
      "root": true,
      "rootEmpty": true,
      "_timeout": 2000
    }
  ],
  "meta": {
    "mocha": {
      "version": "7.2.0"
    },
    "mochawesome": {
      "options": {
        "quiet": false,
        "reportFilename": "mochawesome",
        "saveHtml": false,
        "saveJson": true,
        "consoleReporter": "spec",
        "useInlineDiffs": false,
        "code": true
      },
      "version": "7.1.4"
    },
    "marge": {
      "options": {
        "reportDir": "cypress/reports",
        "overwrite": false,
        "html": false,
        "json": true
      },
      "version": "6.3.2"
    }
  }
}