{
  "stats": {
    "suites": 1,
    "tests": 2,
    "passes": 2,
    "pending": 0,
    "failures": 0,
    "start": "2025-11-26T20:09:34.448Z",
    "end": "2025-11-26T20:09:38.219Z",
    "duration": 3771,
    "testsRegistered": 2,
    "passPercent": 100,
    "pendingPercent": 0,
    "other": 0,
    "hasOther": false,
    "skipped": 0,
    "hasSkipped": false
  },
  "results": [
    {
      "uuid": "5a022844-2160-4385-8e8b-30a9d6135d6f",
      "title": "",
      "fullFile": "cypress\\e2e\\dataDriven\\dataDriven.cy.js",
      "file": "cypress\\e2e\\dataDriven\\dataDriven.cy.js",
      "beforeHooks": [],
      "afterHooks": [],
      "tests": [],
      "suites": [
        {
          "uuid": "2699d756-b5bd-4faf-873b-3ad89d500569",
          "title": "Data Driven Login - SauceDemo",
          "fullFile": "",
          "file": "",
          "beforeHooks": [],
          "afterHooks": [],
          "tests": [
            {
              "title": "should login for standard_user",
              "fullTitle": "Data Driven Login - SauceDemo should login for standard_user",
              "timedOut": null,
              "duration": 2298,
              "state": "passed",
              "speed": "fast",
              "pass": true,
              "fail": false,
              "pending": false,
              "context": null,
              "code": "cy.visit('/');\ncy.get('[data-test=username]').type(user.username);\ncy.get('[data-test=password]').type(user.password);\ncy.get('[data-test=login-button]').click();\nif (user.valid) {\n  cy.url().should('include', '/inventory.html');\n} else {\n  cy.get('[data-test=error]').should('contain', 'locked out');\n}",
              "err": {},
              "uuid": "e12241d1-53f0-4459-9096-251e87409bdf",
              "parentUUID": "2699d756-b5bd-4faf-873b-3ad89d500569",
              "isHook": false,
              "skipped": false
            },
            {
              "title": "should fail for locked_out_user",
              "fullTitle": "Data Driven Login - SauceDemo should fail for locked_out_user",
              "timedOut": null,
              "duration": 1316,
              "state": "passed",
              "speed": "fast",
              "pass": true,
              "fail": false,
              "pending": false,
              "context": null,
              "code": "cy.visit('/');\ncy.get('[data-test=username]').type(user.username);\ncy.get('[data-test=password]').type(user.password);\ncy.get('[data-test=login-button]').click();\nif (user.valid) {\n  cy.url().should('include', '/inventory.html');\n} else {\n  cy.get('[data-test=error]').should('contain', 'locked out');\n}",
              "err": {},
              "uuid": "5c9b9706-80b0-4173-a03e-711e0ef6987f",
              "parentUUID": "2699d756-b5bd-4faf-873b-3ad89d500569",
              "isHook": false,
              "skipped": false
            }
          ],
          "suites": [],
          "passes": [
            "e12241d1-53f0-4459-9096-251e87409bdf",
            "5c9b9706-80b0-4173-a03e-711e0ef6987f"
          ],
          "failures": [],
          "pending": [],
          "skipped": [],
          "duration": 3614,
          "root": false,
          "rootEmpty": false,
          "_timeout": 2000
        }
      ],
      "passes": [],
      "failures": [],
      "pending": [],
      "skipped": [],
      "duration": 0,
      "root": true,
      "rootEmpty": true,
      "_timeout": 2000
    }
  ],
  "meta": {
    "mocha": {
      "version": "7.2.0"
    },
    "mochawesome": {
      "options": {
        "quiet": false,
        "reportFilename": "mochawesome",
        "saveHtml": false,
        "saveJson": true,
        "consoleReporter": "spec",
        "useInlineDiffs": false,
        "code": true
      },
      "version": "7.1.4"
    },
    "marge": {
      "options": {
        "reportDir": "cypress/reports",
        "overwrite": false,
        "html": false,
        "json": true
      },
      "version": "6.3.2"
    }
  }
}