{
  "stats": {
    "suites": 1,
    "tests": 1,
    "passes": 1,
    "pending": 0,
    "failures": 0,
    "start": "2025-11-28T13:29:10.559Z",
    "end": "2025-11-28T13:29:13.931Z",
    "duration": 3372,
    "testsRegistered": 1,
    "passPercent": 100,
    "pendingPercent": 0,
    "other": 0,
    "hasOther": false,
    "skipped": 0,
    "hasSkipped": false
  },
  "results": [
    {
      "uuid": "c9db777d-ca27-4062-a253-481d10c6f6ba",
      "title": "",
      "fullFile": "cypress\\e2e\\basics\\checkbox.cy.js",
      "file": "cypress\\e2e\\basics\\checkbox.cy.js",
      "beforeHooks": [],
      "afterHooks": [],
      "tests": [],
      "suites": [
        {
          "uuid": "caca87ef-83e9-4311-ae85-9505dab4dd55",
          "title": "Product Sorting - Price Low to High (PO Example)",
          "fullFile": "",
          "file": "",
          "beforeHooks": [],
          "afterHooks": [],
          "tests": [
            {
              "title": "should correctly show lowest price first when sorting Low → High",
              "fullTitle": "Product Sorting - Price Low to High (PO Example) should correctly show lowest price first when sorting Low → High",
              "timedOut": null,
              "duration": 3106,
              "state": "passed",
              "speed": "fast",
              "pass": true,
              "fail": false,
              "pending": false,
              "context": null,
              "code": "// 🔹 Selezione filtro dal dropdown\n_ProductsPage.default.selectSortOption('lohi');\n// 🔹 Verifica: il primo prodotto deve essere quello da $7.99\n_ProductsPage.default.productPrice().first().should('contain', '7.99');\n// 🔹 Verifica opzionale: titolo del prodotto\n_ProductsPage.default.productTitle().first().should('contain', 'Sauce Labs Onesie');",
              "err": {},
              "uuid": "69653d67-e2a8-461e-8972-2e531337649d",
              "parentUUID": "caca87ef-83e9-4311-ae85-9505dab4dd55",
              "isHook": false,
              "skipped": false
            }
          ],
          "suites": [],
          "passes": [
            "69653d67-e2a8-461e-8972-2e531337649d"
          ],
          "failures": [],
          "pending": [],
          "skipped": [],
          "duration": 3106,
          "root": false,
          "rootEmpty": false,
          "_timeout": 2000
        }
      ],
      "passes": [],
      "failures": [],
      "pending": [],
      "skipped": [],
      "duration": 0,
      "root": true,
      "rootEmpty": true,
      "_timeout": 2000
    }
  ],
  "meta": {
    "mocha": {
      "version": "7.2.0"
    },
    "mochawesome": {
      "options": {
        "quiet": false,
        "reportFilename": "mochawesome",
        "saveHtml": false,
        "saveJson": true,
        "consoleReporter": "spec",
        "useInlineDiffs": false,
        "code": true
      },
      "version": "7.1.4"
    },
    "marge": {
      "options": {
        "reportDir": "cypress/reports",
        "overwrite": false,
        "html": false,
        "json": true
      },
      "version": "6.3.2"
    }
  }
}