{
  "stats": {
    "suites": 1,
    "tests": 1,
    "passes": 1,
    "pending": 0,
    "failures": 0,
    "start": "2025-11-26T16:10:33.462Z",
    "end": "2025-11-26T16:10:37.086Z",
    "duration": 3624,
    "testsRegistered": 1,
    "passPercent": 100,
    "pendingPercent": 0,
    "other": 0,
    "hasOther": false,
    "skipped": 0,
    "hasSkipped": false
  },
  "results": [
    {
      "uuid": "5e7f0539-e1cc-40e8-bd0f-1fc39a494021",
      "title": "",
      "fullFile": "cypress\\e2e\\basics\\radio.cy.js",
      "file": "cypress\\e2e\\basics\\radio.cy.js",
      "beforeHooks": [],
      "afterHooks": [],
      "tests": [],
      "suites": [
        {
          "uuid": "1a635939-a520-4523-86b2-bed1bc9d1566",
          "title": "Radio-like Test - SauceDemo",
          "fullFile": "",
          "file": "",
          "beforeHooks": [],
          "afterHooks": [],
          "tests": [
            {
              "title": "should filter products using dropdown",
              "fullTitle": "Radio-like Test - SauceDemo should filter products using dropdown",
              "timedOut": null,
              "duration": 3454,
              "state": "passed",
              "speed": "fast",
              "pass": true,
              "fail": false,
              "pending": false,
              "context": null,
              "code": "cy.get('.product_sort_container').select('Name (Z to A)');\ncy.get('.inventory_item').first().should('contain.text', 'Test.allTheThings() T-Shirt (Red)');",
              "err": {},
              "uuid": "2c73a389-f61c-4fce-859e-40e32692a869",
              "parentUUID": "1a635939-a520-4523-86b2-bed1bc9d1566",
              "isHook": false,
              "skipped": false
            }
          ],
          "suites": [],
          "passes": [
            "2c73a389-f61c-4fce-859e-40e32692a869"
          ],
          "failures": [],
          "pending": [],
          "skipped": [],
          "duration": 3454,
          "root": false,
          "rootEmpty": false,
          "_timeout": 2000
        }
      ],
      "passes": [],
      "failures": [],
      "pending": [],
      "skipped": [],
      "duration": 0,
      "root": true,
      "rootEmpty": true,
      "_timeout": 2000
    }
  ],
  "meta": {
    "mocha": {
      "version": "7.2.0"
    },
    "mochawesome": {
      "options": {
        "quiet": false,
        "reportFilename": "mochawesome",
        "saveHtml": false,
        "saveJson": true,
        "consoleReporter": "spec",
        "useInlineDiffs": false,
        "code": true
      },
      "version": "7.1.4"
    },
    "marge": {
      "options": {
        "reportDir": "cypress/reports",
        "overwrite": false,
        "html": false,
        "json": true
      },
      "version": "6.3.2"
    }
  }
}