{
  "stats": {
    "suites": 1,
    "tests": 1,
    "passes": 1,
    "pending": 0,
    "failures": 0,
    "start": "2025-11-28T14:54:10.915Z",
    "end": "2025-11-28T14:54:12.926Z",
    "duration": 2011,
    "testsRegistered": 1,
    "passPercent": 100,
    "pendingPercent": 0,
    "other": 0,
    "hasOther": false,
    "skipped": 0,
    "hasSkipped": false
  },
  "results": [
    {
      "uuid": "10d3bfee-a9c9-4c6e-b4c6-bfc8fc478777",
      "title": "",
      "fullFile": "cypress\\e2e\\smoke\\08_link_realsite.cy.js",
      "file": "cypress\\e2e\\smoke\\08_link_realsite.cy.js",
      "beforeHooks": [],
      "afterHooks": [],
      "tests": [],
      "suites": [
        {
          "uuid": "928383db-ac60-4055-8273-ddafbdd860fd",
          "title": "Link Smoke Test - SauceDemo",
          "fullFile": "",
          "file": "",
          "beforeHooks": [],
          "afterHooks": [],
          "tests": [
            {
              "title": "Dovrebbe cliccare sul primo prodotto e controllare URL",
              "fullTitle": "Link Smoke Test - SauceDemo Dovrebbe cliccare sul primo prodotto e controllare URL",
              "timedOut": null,
              "duration": 1946,
              "state": "passed",
              "speed": "fast",
              "pass": true,
              "fail": false,
              "pending": false,
              "context": null,
              "code": "// Clicca sul primo prodotto\ncy.get('.inventory_item_name').first().click();\n// Verifica che l'URL includa \"/inventory-item.html\" (pagina dettaglio prodotto)\ncy.url().should('include', 'inventory-item.html');",
              "err": {},
              "uuid": "57a0df0c-7e11-4855-a02c-629317655e5a",
              "parentUUID": "928383db-ac60-4055-8273-ddafbdd860fd",
              "isHook": false,
              "skipped": false
            }
          ],
          "suites": [],
          "passes": [
            "57a0df0c-7e11-4855-a02c-629317655e5a"
          ],
          "failures": [],
          "pending": [],
          "skipped": [],
          "duration": 1946,
          "root": false,
          "rootEmpty": false,
          "_timeout": 2000
        }
      ],
      "passes": [],
      "failures": [],
      "pending": [],
      "skipped": [],
      "duration": 0,
      "root": true,
      "rootEmpty": true,
      "_timeout": 2000
    }
  ],
  "meta": {
    "mocha": {
      "version": "7.2.0"
    },
    "mochawesome": {
      "options": {
        "quiet": false,
        "reportFilename": "mochawesome",
        "saveHtml": false,
        "saveJson": true,
        "consoleReporter": "spec",
        "useInlineDiffs": false,
        "code": true
      },
      "version": "7.1.4"
    },
    "marge": {
      "options": {
        "reportDir": "cypress/reports",
        "overwrite": false,
        "html": false,
        "json": true
      },
      "version": "6.3.2"
    }
  }
}