{
  "stats": {
    "suites": 1,
    "tests": 1,
    "passes": 1,
    "pending": 0,
    "failures": 0,
    "start": "2025-11-28T16:00:22.740Z",
    "end": "2025-11-28T16:00:24.824Z",
    "duration": 2084,
    "testsRegistered": 1,
    "passPercent": 100,
    "pendingPercent": 0,
    "other": 0,
    "hasOther": false,
    "skipped": 0,
    "hasSkipped": false
  },
  "results": [
    {
      "uuid": "47616b6a-2c61-44c1-9f9d-c81723338598",
      "title": "",
      "fullFile": "cypress\\e2e\\cart\\add_three_product_cart.cy.js",
      "file": "cypress\\e2e\\cart\\add_three_product_cart.cy.js",
      "beforeHooks": [],
      "afterHooks": [],
      "tests": [],
      "suites": [
        {
          "uuid": "75b0449e-b419-412e-9351-12e9924e10e8",
          "title": "Cart — Add Multiple Products",
          "fullFile": "",
          "file": "",
          "beforeHooks": [],
          "afterHooks": [],
          "tests": [
            {
              "title": "should add two different products to the cart (two PO methods)",
              "fullTitle": "Cart — Add Multiple Products should add two different products to the cart (two PO methods)",
              "timedOut": null,
              "duration": 1952,
              "state": "passed",
              "speed": "fast",
              "pass": true,
              "fail": false,
              "pending": false,
              "context": null,
              "code": "// 1️⃣ Aggiungo il primo prodotto usando INDEX\n_CartPage.default.addProductByIndex(0);\n// 2️⃣ Aggiungo il secondo usando il metodo con PRODUCT NAME\n_CartPage.default.addProductByDataTest(\"add-to-cart-sauce-labs-bike-light\");\n// 3 Aggiungo il terzo usando il metodo con PRODUCT NAME\n_CartPage.default.addProductByDataTest(\"add-to-cart-sauce-labs-bolt-t-shirt\");\n// 4 Controllo il badge (dovrebbe essere 3)\n_CartPage.default.getCartCount().should('have.text', '3');\n// 5 Apro il carrello via PO\n_CartPage.default.openCart();\n// 6 Controllo che ci siano effettivamente 3 prodotti\ncy.get('.cart_item').should('have.length', 3);",
              "err": {},
              "uuid": "3934a009-2b6f-4ade-89f2-15b3132f3abc",
              "parentUUID": "75b0449e-b419-412e-9351-12e9924e10e8",
              "isHook": false,
              "skipped": false
            }
          ],
          "suites": [],
          "passes": [
            "3934a009-2b6f-4ade-89f2-15b3132f3abc"
          ],
          "failures": [],
          "pending": [],
          "skipped": [],
          "duration": 1952,
          "root": false,
          "rootEmpty": false,
          "_timeout": 2000
        }
      ],
      "passes": [],
      "failures": [],
      "pending": [],
      "skipped": [],
      "duration": 0,
      "root": true,
      "rootEmpty": true,
      "_timeout": 2000
    }
  ],
  "meta": {
    "mocha": {
      "version": "7.2.0"
    },
    "mochawesome": {
      "options": {
        "quiet": false,
        "reportFilename": "mochawesome",
        "saveHtml": false,
        "saveJson": true,
        "consoleReporter": "spec",
        "useInlineDiffs": false,
        "code": true
      },
      "version": "7.1.4"
    },
    "marge": {
      "options": {
        "reportDir": "cypress/reports",
        "overwrite": false,
        "html": false,
        "json": true
      },
      "version": "6.3.2"
    }
  }
}