{
  "stats": {
    "suites": 1,
    "tests": 4,
    "passes": 0,
    "pending": 0,
    "failures": 4,
    "start": "2025-11-28T15:59:38.236Z",
    "end": "2025-11-28T16:00:01.082Z",
    "duration": 22846,
    "testsRegistered": 4,
    "passPercent": 0,
    "pendingPercent": 0,
    "other": 0,
    "hasOther": false,
    "skipped": 0,
    "hasSkipped": false
  },
  "results": [
    {
      "uuid": "315a45ea-7a3d-4aca-b6c6-ef9f27c2cad5",
      "title": "",
      "fullFile": "cypress\\e2e\\basics\\responsive.cy.js",
      "file": "cypress\\e2e\\basics\\responsive.cy.js",
      "beforeHooks": [],
      "afterHooks": [],
      "tests": [],
      "suites": [
        {
          "uuid": "010be2a0-3b65-439f-8846-2ec03d3b1109",
          "title": "Responsive Viewport Test - Google",
          "fullFile": "",
          "file": "",
          "beforeHooks": [],
          "afterHooks": [],
          "tests": [
            {
              "title": "should display Google title correctly on iphone-6",
              "fullTitle": "Responsive Viewport Test - Google should display Google title correctly on iphone-6",
              "timedOut": null,
              "duration": 5323,
              "state": "failed",
              "speed": null,
              "pass": false,
              "fail": true,
              "pending": false,
              "context": null,
              "code": "// 🔹 Imposta viewport\ncy.viewport(device);\n// 🔹 Visita Google\ncy.visit('https://www.google.com');\n// 🔹 Verifica titolo\ncy.title().should('include', 'Google');\n// 🔹 Verifica barra di ricerca visibile\ncy.get('input[name=\"q\"]').should('be.visible');",
              "err": {
                "message": "AssertionError: Timed out retrying after 4000ms: Expected to find element: `input[name=\"q\"]`, but never found it.",
                "estack": "AssertionError: Timed out retrying after 4000ms: Expected to find element: `input[name=\"q\"]`, but never found it.\n    at Context.eval (webpack://cypressclean/./cypress/e2e/basics/responsive.cy.js:19:32)",
                "diff": null
              },
              "uuid": "2b8f0578-be7f-46e1-a889-3694c3128ae7",
              "parentUUID": "010be2a0-3b65-439f-8846-2ec03d3b1109",
              "isHook": false,
              "skipped": false
            },
            {
              "title": "should display Google title correctly on ipad-2",
              "fullTitle": "Responsive Viewport Test - Google should display Google title correctly on ipad-2",
              "timedOut": null,
              "duration": 5301,
              "state": "failed",
              "speed": null,
              "pass": false,
              "fail": true,
              "pending": false,
              "context": null,
              "code": "// 🔹 Imposta viewport\ncy.viewport(device);\n// 🔹 Visita Google\ncy.visit('https://www.google.com');\n// 🔹 Verifica titolo\ncy.title().should('include', 'Google');\n// 🔹 Verifica barra di ricerca visibile\ncy.get('input[name=\"q\"]').should('be.visible');",
              "err": {
                "message": "AssertionError: Timed out retrying after 4000ms: Expected to find element: `input[name=\"q\"]`, but never found it.",
                "estack": "AssertionError: Timed out retrying after 4000ms: Expected to find element: `input[name=\"q\"]`, but never found it.\n    at Context.eval (webpack://cypressclean/./cypress/e2e/basics/responsive.cy.js:19:32)",
                "diff": null
              },
              "uuid": "47f92566-8cc9-4d4f-a96b-8674dbe8c010",
              "parentUUID": "010be2a0-3b65-439f-8846-2ec03d3b1109",
              "isHook": false,
              "skipped": false
            },
            {
              "title": "should display Google title correctly on macbook-13",
              "fullTitle": "Responsive Viewport Test - Google should display Google title correctly on macbook-13",
              "timedOut": null,
              "duration": 4986,
              "state": "failed",
              "speed": null,
              "pass": false,
              "fail": true,
              "pending": false,
              "context": null,
              "code": "// 🔹 Imposta viewport\ncy.viewport(device);\n// 🔹 Visita Google\ncy.visit('https://www.google.com');\n// 🔹 Verifica titolo\ncy.title().should('include', 'Google');\n// 🔹 Verifica barra di ricerca visibile\ncy.get('input[name=\"q\"]').should('be.visible');",
              "err": {
                "message": "AssertionError: Timed out retrying after 4000ms: Expected to find element: `input[name=\"q\"]`, but never found it.",
                "estack": "AssertionError: Timed out retrying after 4000ms: Expected to find element: `input[name=\"q\"]`, but never found it.\n    at Context.eval (webpack://cypressclean/./cypress/e2e/basics/responsive.cy.js:19:32)",
                "diff": null
              },
              "uuid": "6b76e759-31e3-417d-b85c-7a5b97036962",
              "parentUUID": "010be2a0-3b65-439f-8846-2ec03d3b1109",
              "isHook": false,
              "skipped": false
            },
            {
              "title": "should display Google title correctly on macbook-15",
              "fullTitle": "Responsive Viewport Test - Google should display Google title correctly on macbook-15",
              "timedOut": null,
              "duration": 4859,
              "state": "failed",
              "speed": null,
              "pass": false,
              "fail": true,
              "pending": false,
              "context": null,
              "code": "// 🔹 Imposta viewport\ncy.viewport(device);\n// 🔹 Visita Google\ncy.visit('https://www.google.com');\n// 🔹 Verifica titolo\ncy.title().should('include', 'Google');\n// 🔹 Verifica barra di ricerca visibile\ncy.get('input[name=\"q\"]').should('be.visible');",
              "err": {
                "message": "AssertionError: Timed out retrying after 4000ms: Expected to find element: `input[name=\"q\"]`, but never found it.",
                "estack": "AssertionError: Timed out retrying after 4000ms: Expected to find element: `input[name=\"q\"]`, but never found it.\n    at Context.eval (webpack://cypressclean/./cypress/e2e/basics/responsive.cy.js:19:32)",
                "diff": null
              },
              "uuid": "caa6e770-9e1b-40d3-a8f2-237934276a18",
              "parentUUID": "010be2a0-3b65-439f-8846-2ec03d3b1109",
              "isHook": false,
              "skipped": false
            }
          ],
          "suites": [],
          "passes": [],
          "failures": [
            "2b8f0578-be7f-46e1-a889-3694c3128ae7",
            "47f92566-8cc9-4d4f-a96b-8674dbe8c010",
            "6b76e759-31e3-417d-b85c-7a5b97036962",
            "caa6e770-9e1b-40d3-a8f2-237934276a18"
          ],
          "pending": [],
          "skipped": [],
          "duration": 20469,
          "root": false,
          "rootEmpty": false,
          "_timeout": 2000
        }
      ],
      "passes": [],
      "failures": [],
      "pending": [],
      "skipped": [],
      "duration": 0,
      "root": true,
      "rootEmpty": true,
      "_timeout": 2000
    }
  ],
  "meta": {
    "mocha": {
      "version": "7.2.0"
    },
    "mochawesome": {
      "options": {
        "quiet": false,
        "reportFilename": "mochawesome",
        "saveHtml": false,
        "saveJson": true,
        "consoleReporter": "spec",
        "useInlineDiffs": false,
        "code": true
      },
      "version": "7.1.4"
    },
    "marge": {
      "options": {
        "reportDir": "cypress/reports",
        "overwrite": false,
        "html": false,
        "json": true
      },
      "version": "6.3.2"
    }
  }
}