{
  "stats": {
    "suites": 1,
    "tests": 1,
    "passes": 1,
    "pending": 0,
    "failures": 0,
    "start": "2025-11-28T14:53:52.536Z",
    "end": "2025-11-28T14:53:54.027Z",
    "duration": 1491,
    "testsRegistered": 1,
    "passPercent": 100,
    "pendingPercent": 0,
    "other": 0,
    "hasOther": false,
    "skipped": 0,
    "hasSkipped": false
  },
  "results": [
    {
      "uuid": "f36450b4-1004-40ab-bf0c-1728a3037926",
      "title": "",
      "fullFile": "cypress\\e2e\\smoke\\04_login_realsite.cy.js",
      "file": "cypress\\e2e\\smoke\\04_login_realsite.cy.js",
      "beforeHooks": [],
      "afterHooks": [],
      "tests": [],
      "suites": [
        {
          "uuid": "fcbf0752-58ef-4c95-b4d5-0c1808fe94fb",
          "title": "Login Smoke Test - SauceDemo",
          "fullFile": "",
          "file": "",
          "beforeHooks": [],
          "afterHooks": [],
          "tests": [
            {
              "title": "should login successfully with valid credentials",
              "fullTitle": "Login Smoke Test - SauceDemo should login successfully with valid credentials",
              "timedOut": null,
              "duration": 1408,
              "state": "passed",
              "speed": "fast",
              "pass": true,
              "fail": false,
              "pending": false,
              "context": null,
              "code": "// Visita la pagina principale\ncy.visit('/');\n// Effettua il login usando il PO\n_LoginPage.default.login('standard_user', 'secret_sauce');\n// Verifica che l'URL contenga /inventory.html\ncy.url().should('include', '/inventory.html');",
              "err": {},
              "uuid": "4bd467e5-9565-4715-9e9b-741337ce6332",
              "parentUUID": "fcbf0752-58ef-4c95-b4d5-0c1808fe94fb",
              "isHook": false,
              "skipped": false
            }
          ],
          "suites": [],
          "passes": [
            "4bd467e5-9565-4715-9e9b-741337ce6332"
          ],
          "failures": [],
          "pending": [],
          "skipped": [],
          "duration": 1408,
          "root": false,
          "rootEmpty": false,
          "_timeout": 2000
        }
      ],
      "passes": [],
      "failures": [],
      "pending": [],
      "skipped": [],
      "duration": 0,
      "root": true,
      "rootEmpty": true,
      "_timeout": 2000
    }
  ],
  "meta": {
    "mocha": {
      "version": "7.2.0"
    },
    "mochawesome": {
      "options": {
        "quiet": false,
        "reportFilename": "mochawesome",
        "saveHtml": false,
        "saveJson": true,
        "consoleReporter": "spec",
        "useInlineDiffs": false,
        "code": true
      },
      "version": "7.1.4"
    },
    "marge": {
      "options": {
        "reportDir": "cypress/reports",
        "overwrite": false,
        "html": false,
        "json": true
      },
      "version": "6.3.2"
    }
  }
}