{
  "stats": {
    "suites": 1,
    "tests": 2,
    "passes": 2,
    "pending": 0,
    "failures": 0,
    "start": "2025-11-25T17:37:54.316Z",
    "end": "2025-11-25T17:38:01.380Z",
    "duration": 7064,
    "testsRegistered": 2,
    "passPercent": 100,
    "pendingPercent": 0,
    "other": 0,
    "hasOther": false,
    "skipped": 0,
    "hasSkipped": false
  },
  "results": [
    {
      "uuid": "5281a340-f2bd-4b6b-bd46-4aec6b2a47cb",
      "title": "",
      "fullFile": "cypress\\e2e\\real_sites\\01_homepage.cy.js",
      "file": "cypress\\e2e\\real_sites\\01_homepage.cy.js",
      "beforeHooks": [],
      "afterHooks": [],
      "tests": [],
      "suites": [
        {
          "uuid": "79179f21-a5f2-4f4c-b69e-be882ef83240",
          "title": "Login Page Tests",
          "fullFile": "",
          "file": "",
          "beforeHooks": [],
          "afterHooks": [],
          "tests": [
            {
              "title": "should display login form correctly",
              "fullTitle": "Login Page Tests should display login form correctly",
              "timedOut": null,
              "duration": 1952,
              "state": "passed",
              "speed": "fast",
              "pass": true,
              "fail": false,
              "pending": false,
              "context": null,
              "code": "// Assert: check all elements exist\n_loginPage.default.usernameInput().should('be.visible');\n_loginPage.default.passwordInput().should('be.visible');\n_loginPage.default.loginButton().should('be.visible');",
              "err": {},
              "uuid": "b0ca1a7f-cb74-40f7-ae24-309a2bf71a14",
              "parentUUID": "79179f21-a5f2-4f4c-b69e-be882ef83240",
              "isHook": false,
              "skipped": false
            },
            {
              "title": "should show error message on invalid credentials",
              "fullTitle": "Login Page Tests should show error message on invalid credentials",
              "timedOut": null,
              "duration": 1572,
              "state": "passed",
              "speed": "fast",
              "pass": true,
              "fail": false,
              "pending": false,
              "context": null,
              "code": "// Act: enter invalid credentials\n_loginPage.default.enterUsername('invalid_user');\n_loginPage.default.enterPassword('invalid_pass');\n_loginPage.default.clickLogin();\n// Assert: error message is visible\n_loginPage.default.errorMessage().should('be.visible').and('contain.text', 'Epic sadface: Username and password do not match any user in this service');",
              "err": {},
              "uuid": "4d0b81b2-6155-41d5-828c-1e75e0e98942",
              "parentUUID": "79179f21-a5f2-4f4c-b69e-be882ef83240",
              "isHook": false,
              "skipped": false
            }
          ],
          "suites": [],
          "passes": [
            "b0ca1a7f-cb74-40f7-ae24-309a2bf71a14",
            "4d0b81b2-6155-41d5-828c-1e75e0e98942"
          ],
          "failures": [],
          "pending": [],
          "skipped": [],
          "duration": 3524,
          "root": false,
          "rootEmpty": false,
          "_timeout": 2000
        }
      ],
      "passes": [],
      "failures": [],
      "pending": [],
      "skipped": [],
      "duration": 0,
      "root": true,
      "rootEmpty": true,
      "_timeout": 2000
    }
  ],
  "meta": {
    "mocha": {
      "version": "7.2.0"
    },
    "mochawesome": {
      "options": {
        "quiet": false,
        "reportFilename": "mochawesome",
        "saveHtml": false,
        "saveJson": true,
        "consoleReporter": "spec",
        "useInlineDiffs": false,
        "code": true
      },
      "version": "7.1.4"
    },
    "marge": {
      "options": {
        "reportDir": "cypress/reports",
        "overwrite": false,
        "html": false,
        "json": true
      },
      "version": "6.3.2"
    }
  }
}