{
  "stats": {
    "suites": 1,
    "tests": 3,
    "passes": 3,
    "pending": 0,
    "failures": 0,
    "start": "2025-11-28T16:00:39.396Z",
    "end": "2025-11-28T16:00:45.107Z",
    "duration": 5711,
    "testsRegistered": 3,
    "passPercent": 100,
    "pendingPercent": 0,
    "other": 0,
    "hasOther": false,
    "skipped": 0,
    "hasSkipped": false
  },
  "results": [
    {
      "uuid": "96561344-3301-4401-b545-652086f9c764",
      "title": "",
      "fullFile": "cypress\\e2e\\cart\\cart_remove_multiple_products.cy.js",
      "file": "cypress\\e2e\\cart\\cart_remove_multiple_products.cy.js",
      "beforeHooks": [],
      "afterHooks": [],
      "tests": [],
      "suites": [
        {
          "uuid": "e646c957-5abc-43d7-919e-8881eb921cb0",
          "title": "Cart — Remove Multiple Products",
          "fullFile": "",
          "file": "",
          "beforeHooks": [],
          "afterHooks": [],
          "tests": [
            {
              "title": "should remove two products using index",
              "fullTitle": "Cart — Remove Multiple Products should remove two products using index",
              "timedOut": null,
              "duration": 2420,
              "state": "passed",
              "speed": "fast",
              "pass": true,
              "fail": false,
              "pending": false,
              "context": null,
              "code": "// Aggiungo 3 prodotti\n_CartPage.default.addProductByIndex(0);\n_CartPage.default.addProductByIndex(1);\n_CartPage.default.addProductByIndex(2);\n// Apro il carrello\n_CartPage.default.openCart();\n// Rimuovo il primo e il secondo prodotto (indice 0 e 1)\n_CartPage.default.removeProductByIndex(0);\n_CartPage.default.removeProductByIndex(1);\n// Verifico che rimanga solo 1 prodotto\n_CartPage.default.getCartItemCount().should('have.length', 1);\n// Verifico badge\n_CartPage.default.getCartCount().should('have.text', '1');",
              "err": {},
              "uuid": "869893c5-a979-4318-81b3-ae9eb5327e82",
              "parentUUID": "e646c957-5abc-43d7-919e-8881eb921cb0",
              "isHook": false,
              "skipped": false
            },
            {
              "title": "should remove two specific products by name",
              "fullTitle": "Cart — Remove Multiple Products should remove two specific products by name",
              "timedOut": null,
              "duration": 1548,
              "state": "passed",
              "speed": "fast",
              "pass": true,
              "fail": false,
              "pending": false,
              "context": null,
              "code": "// Aggiungo i prodotti specifici\n_CartPage.default.addProductByDataTest('add-to-cart-sauce-labs-backpack');\n_CartPage.default.addProductByDataTest('add-to-cart-sauce-labs-bike-light');\n// Apro il carrello\n_CartPage.default.openCart();\n// Assicuro che i prodotti siano presenti prima di rimuovere\n_CartPage.default.cartItemNames.contains('Sauce Labs Backpack').should('exist');\n_CartPage.default.cartItemNames.contains('Sauce Labs Bike Light').should('exist');\n// Rimuovo i prodotti per nome\n_CartPage.default.removeProductByName('Sauce Labs Backpack');\n_CartPage.default.removeProductByName('Sauce Labs Bike Light');\n// Verifico che il carrello sia vuoto\n_CartPage.default.getCartItemCount().should('have.length', 0);\n_CartPage.default.getCartCount().should('not.exist');",
              "err": {},
              "uuid": "5d8b5c0d-da62-449c-8f21-00c688c21f22",
              "parentUUID": "e646c957-5abc-43d7-919e-8881eb921cb0",
              "isHook": false,
              "skipped": false
            },
            {
              "title": "should remove all products using removeAllProducts()",
              "fullTitle": "Cart — Remove Multiple Products should remove all products using removeAllProducts()",
              "timedOut": null,
              "duration": 1581,
              "state": "passed",
              "speed": "fast",
              "pass": true,
              "fail": false,
              "pending": false,
              "context": null,
              "code": "// Aggiungo 3 prodotti\n_CartPage.default.addProductByIndex(0);\n_CartPage.default.addProductByIndex(1);\n_CartPage.default.addProductByIndex(2);\n// Apro il carrello\n_CartPage.default.openCart();\n// Rimuovo tutti i prodotti\n_CartPage.default.removeAllProducts();\n// Verifico carrello vuoto\n_CartPage.default.getCartItemCount().should('have.length', 0);\n_CartPage.default.getCartCount().should('not.exist');",
              "err": {},
              "uuid": "6848c969-8b46-4c33-bfe3-6372c7804ca0",
              "parentUUID": "e646c957-5abc-43d7-919e-8881eb921cb0",
              "isHook": false,
              "skipped": false
            }
          ],
          "suites": [],
          "passes": [
            "869893c5-a979-4318-81b3-ae9eb5327e82",
            "5d8b5c0d-da62-449c-8f21-00c688c21f22",
            "6848c969-8b46-4c33-bfe3-6372c7804ca0"
          ],
          "failures": [],
          "pending": [],
          "skipped": [],
          "duration": 5549,
          "root": false,
          "rootEmpty": false,
          "_timeout": 2000
        }
      ],
      "passes": [],
      "failures": [],
      "pending": [],
      "skipped": [],
      "duration": 0,
      "root": true,
      "rootEmpty": true,
      "_timeout": 2000
    }
  ],
  "meta": {
    "mocha": {
      "version": "7.2.0"
    },
    "mochawesome": {
      "options": {
        "quiet": false,
        "reportFilename": "mochawesome",
        "saveHtml": false,
        "saveJson": true,
        "consoleReporter": "spec",
        "useInlineDiffs": false,
        "code": true
      },
      "version": "7.1.4"
    },
    "marge": {
      "options": {
        "reportDir": "cypress/reports",
        "overwrite": false,
        "html": false,
        "json": true
      },
      "version": "6.3.2"
    }
  }
}