{
  "stats": {
    "suites": 1,
    "tests": 1,
    "passes": 1,
    "pending": 0,
    "failures": 0,
    "start": "2025-11-28T12:44:37.144Z",
    "end": "2025-11-28T12:44:39.417Z",
    "duration": 2273,
    "testsRegistered": 1,
    "passPercent": 100,
    "pendingPercent": 0,
    "other": 0,
    "hasOther": false,
    "skipped": 0,
    "hasSkipped": false
  },
  "results": [
    {
      "uuid": "64f96213-9068-4162-bf0a-742543f6d496",
      "title": "",
      "fullFile": "cypress\\e2e\\smoke\\01_homepage_realsite.cy.js",
      "file": "cypress\\e2e\\smoke\\01_homepage_realsite.cy.js",
      "beforeHooks": [],
      "afterHooks": [],
      "tests": [],
      "suites": [
        {
          "uuid": "f2daecf8-320f-4e60-a0c9-d90d0fed8830",
          "title": "Homepage Smoke Test - SauceDemo",
          "fullFile": "",
          "file": "",
          "beforeHooks": [],
          "afterHooks": [],
          "tests": [
            {
              "title": "Dovrebbe mostrare correttamente il form di login",
              "fullTitle": "Homepage Smoke Test - SauceDemo Dovrebbe mostrare correttamente il form di login",
              "timedOut": null,
              "duration": 1819,
              "state": "passed",
              "speed": "fast",
              "pass": true,
              "fail": false,
              "pending": false,
              "context": null,
              "code": "// Verifica visibilità campi login usando Page Object\n_LoginPage.default.usernameInput.should('be.visible');\n_LoginPage.default.passwordInput.should('be.visible');\n_LoginPage.default.loginButton.should('be.visible');\n// Controllo aggiuntivo: messaggi di errore non presenti all’inizio\n_LoginPage.default.errorMessage.should('not.exist');",
              "err": {},
              "uuid": "353b759e-8411-4083-9373-939c96d13a8f",
              "parentUUID": "f2daecf8-320f-4e60-a0c9-d90d0fed8830",
              "isHook": false,
              "skipped": false
            }
          ],
          "suites": [],
          "passes": [
            "353b759e-8411-4083-9373-939c96d13a8f"
          ],
          "failures": [],
          "pending": [],
          "skipped": [],
          "duration": 1819,
          "root": false,
          "rootEmpty": false,
          "_timeout": 2000
        }
      ],
      "passes": [],
      "failures": [],
      "pending": [],
      "skipped": [],
      "duration": 0,
      "root": true,
      "rootEmpty": true,
      "_timeout": 2000
    }
  ],
  "meta": {
    "mocha": {
      "version": "7.2.0"
    },
    "mochawesome": {
      "options": {
        "quiet": false,
        "reportFilename": "mochawesome",
        "saveHtml": false,
        "saveJson": true,
        "consoleReporter": "spec",
        "useInlineDiffs": false,
        "code": true
      },
      "version": "7.1.4"
    },
    "marge": {
      "options": {
        "reportDir": "cypress/reports",
        "overwrite": false,
        "html": false,
        "json": true
      },
      "version": "6.3.2"
    }
  }
}