{
  "stats": {
    "suites": 1,
    "tests": 1,
    "passes": 0,
    "pending": 0,
    "failures": 1,
    "start": "2025-11-28T15:49:22.183Z",
    "end": "2025-11-28T15:49:22.635Z",
    "duration": 452,
    "testsRegistered": 1,
    "passPercent": 0,
    "pendingPercent": 0,
    "other": 0,
    "hasOther": false,
    "skipped": 0,
    "hasSkipped": false
  },
  "results": [
    {
      "uuid": "8710f163-7be2-4c54-b002-476c9fea1b09",
      "title": "",
      "fullFile": "cypress\\e2e\\smoke\\05_form_realsite.cy.js",
      "file": "cypress\\e2e\\smoke\\05_form_realsite.cy.js",
      "beforeHooks": [],
      "afterHooks": [],
      "tests": [],
      "suites": [
        {
          "uuid": "3a27634c-4948-4192-8357-92ea15fc9ecd",
          "title": "Form Smoke Test - Local Fixture",
          "fullFile": "",
          "file": "",
          "beforeHooks": [],
          "afterHooks": [],
          "tests": [
            {
              "title": "Fill and submit the form",
              "fullTitle": "Form Smoke Test - Local Fixture Fill and submit the form",
              "timedOut": null,
              "duration": 396,
              "state": "failed",
              "speed": null,
              "pass": false,
              "fail": true,
              "pending": false,
              "context": null,
              "code": "cy.get('#name').type('Marco');\ncy.get('#email').type('marco@example.com');\ncy.get('#message').type('Test smoke form');\ncy.get('form').submit();\ncy.get('#confirmation').should('be.visible').and('contain.text', 'Form submitted');",
              "err": {
                "message": "CypressError: `cy.visit()` failed trying to load:\n\nhttps://www.saucedemo.com/cypress/fixtures/form_test.html\n\nThe response we received from your web server was:\n\n  > 404: Not Found\n\nThis was considered a failure because the status code was not `2xx`.\n\nIf you do not want status codes to cause failures pass the option: `failOnStatusCode: false`\n\nBecause this error occurred during a `before each` hook we are skipping the remaining tests in the current suite: `Form Smoke Test - Local Fix...`",
                "estack": "CypressError: `cy.visit()` failed trying to load:\n\nhttps://www.saucedemo.com/cypress/fixtures/form_test.html\n\nThe response we received from your web server was:\n\n  > 404: Not Found\n\nThis was considered a failure because the status code was not `2xx`.\n\nIf you do not want status codes to cause failures pass the option: `failOnStatusCode: false`\n\nBecause this error occurred during a `before each` hook we are skipping the remaining tests in the current suite: `Form Smoke Test - Local Fix...`\n    at <unknown> (https://www.saucedemo.com/__cypress/runner/cypress_runner.js:134982:76)\n    at visitFailedByErr (https://www.saucedemo.com/__cypress/runner/cypress_runner.js:134552:12)\n    at <unknown> (https://www.saucedemo.com/__cypress/runner/cypress_runner.js:134965:13)\n    at tryCatcher (https://www.saucedemo.com/__cypress/runner/cypress_runner.js:1777:23)\n    at Promise._settlePromiseFromHandler (https://www.saucedemo.com/__cypress/runner/cypress_runner.js:1489:31)\n    at Promise._settlePromise (https://www.saucedemo.com/__cypress/runner/cypress_runner.js:1546:18)\n    at Promise._settlePromise0 (https://www.saucedemo.com/__cypress/runner/cypress_runner.js:1591:10)\n    at Promise._settlePromises (https://www.saucedemo.com/__cypress/runner/cypress_runner.js:1667:18)\n    at _drainQueueStep (https://www.saucedemo.com/__cypress/runner/cypress_runner.js:2377:12)\n    at _drainQueue (https://www.saucedemo.com/__cypress/runner/cypress_runner.js:2370:9)\n    at Async._drainQueues (https://www.saucedemo.com/__cypress/runner/cypress_runner.js:2386:5)\n    at Async.drainQueues (https://www.saucedemo.com/__cypress/runner/cypress_runner.js:2256:14)\nFrom Your Spec Code:\n    at Context.eval (webpack://cypressclean/./cypress/e2e/smoke/05_form_realsite.cy.js:5:7)",
                "diff": null
              },
              "uuid": "d89ae907-8910-426c-b0a8-a250477269c4",
              "parentUUID": "3a27634c-4948-4192-8357-92ea15fc9ecd",
              "isHook": false,
              "skipped": false
            }
          ],
          "suites": [],
          "passes": [],
          "failures": [
            "d89ae907-8910-426c-b0a8-a250477269c4"
          ],
          "pending": [],
          "skipped": [],
          "duration": 396,
          "root": false,
          "rootEmpty": false,
          "_timeout": 2000
        }
      ],
      "passes": [],
      "failures": [],
      "pending": [],
      "skipped": [],
      "duration": 0,
      "root": true,
      "rootEmpty": true,
      "_timeout": 2000
    }
  ],
  "meta": {
    "mocha": {
      "version": "7.2.0"
    },
    "mochawesome": {
      "options": {
        "quiet": false,
        "reportFilename": "mochawesome",
        "saveHtml": false,
        "saveJson": true,
        "consoleReporter": "spec",
        "useInlineDiffs": false,
        "code": true
      },
      "version": "7.1.4"
    },
    "marge": {
      "options": {
        "reportDir": "cypress/reports",
        "overwrite": false,
        "html": false,
        "json": true
      },
      "version": "6.3.2"
    }
  }
}