{
  "stats": {
    "suites": 1,
    "tests": 3,
    "passes": 3,
    "pending": 0,
    "failures": 0,
    "start": "2025-11-28T13:31:20.878Z",
    "end": "2025-11-28T13:31:28.169Z",
    "duration": 7291,
    "testsRegistered": 3,
    "passPercent": 100,
    "pendingPercent": 0,
    "other": 0,
    "hasOther": false,
    "skipped": 0,
    "hasSkipped": false
  },
  "results": [
    {
      "uuid": "7a7a9db7-bd1b-4fc2-b1f7-f2cf4b8a6749",
      "title": "",
      "fullFile": "cypress\\e2e\\cart\\cart_remove_multiple_products.cy.js",
      "file": "cypress\\e2e\\cart\\cart_remove_multiple_products.cy.js",
      "beforeHooks": [],
      "afterHooks": [],
      "tests": [],
      "suites": [
        {
          "uuid": "997f3347-a19f-463a-a113-206d4a4a6e0f",
          "title": "Cart — Remove Multiple Products",
          "fullFile": "",
          "file": "",
          "beforeHooks": [],
          "afterHooks": [],
          "tests": [
            {
              "title": "should remove two products using index",
              "fullTitle": "Cart — Remove Multiple Products should remove two products using index",
              "timedOut": null,
              "duration": 2786,
              "state": "passed",
              "speed": "fast",
              "pass": true,
              "fail": false,
              "pending": false,
              "context": null,
              "code": "// Aggiungo 3 prodotti\n_CartPage.default.addProductByIndex(0);\n_CartPage.default.addProductByIndex(1);\n_CartPage.default.addProductByIndex(2);\n// Apro il carrello\n_CartPage.default.openCart();\n// Rimuovo il primo e il secondo prodotto (indice 0 e 1)\n_CartPage.default.removeProductByIndex(0);\n_CartPage.default.removeProductByIndex(1);\n// Verifico che rimanga solo 1 prodotto\n_CartPage.default.getCartItemCount().should('have.length', 1);\n// Verifico badge\n_CartPage.default.getCartCount().should('have.text', '1');",
              "err": {},
              "uuid": "01e4901c-e747-4e0d-8b82-5f0f52997e76",
              "parentUUID": "997f3347-a19f-463a-a113-206d4a4a6e0f",
              "isHook": false,
              "skipped": false
            },
            {
              "title": "should remove two specific products by name",
              "fullTitle": "Cart — Remove Multiple Products should remove two specific products by name",
              "timedOut": null,
              "duration": 2198,
              "state": "passed",
              "speed": "fast",
              "pass": true,
              "fail": false,
              "pending": false,
              "context": null,
              "code": "// Aggiungo i prodotti specifici\n_CartPage.default.addProductByDataTest('add-to-cart-sauce-labs-backpack');\n_CartPage.default.addProductByDataTest('add-to-cart-sauce-labs-bike-light');\n// Apro il carrello\n_CartPage.default.openCart();\n// Assicuro che i prodotti siano presenti prima di rimuovere\n_CartPage.default.cartItemNames.contains('Sauce Labs Backpack').should('exist');\n_CartPage.default.cartItemNames.contains('Sauce Labs Bike Light').should('exist');\n// Rimuovo i prodotti per nome\n_CartPage.default.removeProductByName('Sauce Labs Backpack');\n_CartPage.default.removeProductByName('Sauce Labs Bike Light');\n// Verifico che il carrello sia vuoto\n_CartPage.default.getCartItemCount().should('have.length', 0);\n_CartPage.default.getCartCount().should('not.exist');",
              "err": {},
              "uuid": "ed66957a-597e-4fc2-83d0-d5a2f622f832",
              "parentUUID": "997f3347-a19f-463a-a113-206d4a4a6e0f",
              "isHook": false,
              "skipped": false
            },
            {
              "title": "should remove all products using removeAllProducts()",
              "fullTitle": "Cart — Remove Multiple Products should remove all products using removeAllProducts()",
              "timedOut": null,
              "duration": 2097,
              "state": "passed",
              "speed": "fast",
              "pass": true,
              "fail": false,
              "pending": false,
              "context": null,
              "code": "// Aggiungo 3 prodotti\n_CartPage.default.addProductByIndex(0);\n_CartPage.default.addProductByIndex(1);\n_CartPage.default.addProductByIndex(2);\n// Apro il carrello\n_CartPage.default.openCart();\n// Rimuovo tutti i prodotti\n_CartPage.default.removeAllProducts();\n// Verifico carrello vuoto\n_CartPage.default.getCartItemCount().should('have.length', 0);\n_CartPage.default.getCartCount().should('not.exist');",
              "err": {},
              "uuid": "a66c1287-7f66-4bac-8574-b62356425209",
              "parentUUID": "997f3347-a19f-463a-a113-206d4a4a6e0f",
              "isHook": false,
              "skipped": false
            }
          ],
          "suites": [],
          "passes": [
            "01e4901c-e747-4e0d-8b82-5f0f52997e76",
            "ed66957a-597e-4fc2-83d0-d5a2f622f832",
            "a66c1287-7f66-4bac-8574-b62356425209"
          ],
          "failures": [],
          "pending": [],
          "skipped": [],
          "duration": 7081,
          "root": false,
          "rootEmpty": false,
          "_timeout": 2000
        }
      ],
      "passes": [],
      "failures": [],
      "pending": [],
      "skipped": [],
      "duration": 0,
      "root": true,
      "rootEmpty": true,
      "_timeout": 2000
    }
  ],
  "meta": {
    "mocha": {
      "version": "7.2.0"
    },
    "mochawesome": {
      "options": {
        "quiet": false,
        "reportFilename": "mochawesome",
        "saveHtml": false,
        "saveJson": true,
        "consoleReporter": "spec",
        "useInlineDiffs": false,
        "code": true
      },
      "version": "7.1.4"
    },
    "marge": {
      "options": {
        "reportDir": "cypress/reports",
        "overwrite": false,
        "html": false,
        "json": true
      },
      "version": "6.3.2"
    }
  }
}