{
  "stats": {
    "suites": 1,
    "tests": 1,
    "passes": 1,
    "pending": 0,
    "failures": 0,
    "start": "2025-11-26T19:42:27.552Z",
    "end": "2025-11-26T19:42:30.901Z",
    "duration": 3349,
    "testsRegistered": 1,
    "passPercent": 100,
    "pendingPercent": 0,
    "other": 0,
    "hasOther": false,
    "skipped": 0,
    "hasSkipped": false
  },
  "results": [
    {
      "uuid": "847ff5f7-b6a9-45d4-8df7-25d0424fa892",
      "title": "",
      "fullFile": "cypress\\e2e\\forms\\form.cy.js",
      "file": "cypress\\e2e\\forms\\form.cy.js",
      "beforeHooks": [],
      "afterHooks": [],
      "tests": [],
      "suites": [
        {
          "uuid": "98fb97b0-44ea-4af3-a7e4-91581cef6b2d",
          "title": "Contact Form Test - SauceDemo",
          "fullFile": "",
          "file": "",
          "beforeHooks": [],
          "afterHooks": [],
          "tests": [
            {
              "title": "should submit the form",
              "fullTitle": "Contact Form Test - SauceDemo should submit the form",
              "timedOut": null,
              "duration": 3107,
              "state": "passed",
              "speed": "fast",
              "pass": true,
              "fail": false,
              "pending": false,
              "context": null,
              "code": "cy.visit('/');\ncy.get('[data-test=username]').type('standard_user');\ncy.get('[data-test=password]').type('secret_sauce');\ncy.get('[data-test=login-button]').click();\n// aggiunge i primi 2 prodotti al carrello\ncy.get('.inventory_item').each(($el, index) => {\n  if (index < 2) {\n    cy.wrap($el).find('.btn_inventory').click();\n  }\n});\n// verifica badge carrello\ncy.get('.shopping_cart_badge').should('contain', '2');",
              "err": {},
              "uuid": "9382ef6e-535e-490d-8985-e778f9c871ce",
              "parentUUID": "98fb97b0-44ea-4af3-a7e4-91581cef6b2d",
              "isHook": false,
              "skipped": false
            }
          ],
          "suites": [],
          "passes": [
            "9382ef6e-535e-490d-8985-e778f9c871ce"
          ],
          "failures": [],
          "pending": [],
          "skipped": [],
          "duration": 3107,
          "root": false,
          "rootEmpty": false,
          "_timeout": 2000
        }
      ],
      "passes": [],
      "failures": [],
      "pending": [],
      "skipped": [],
      "duration": 0,
      "root": true,
      "rootEmpty": true,
      "_timeout": 2000
    }
  ],
  "meta": {
    "mocha": {
      "version": "7.2.0"
    },
    "mochawesome": {
      "options": {
        "quiet": false,
        "reportFilename": "mochawesome",
        "saveHtml": false,
        "saveJson": true,
        "consoleReporter": "spec",
        "useInlineDiffs": false,
        "code": true
      },
      "version": "7.1.4"
    },
    "marge": {
      "options": {
        "reportDir": "cypress/reports",
        "overwrite": false,
        "html": false,
        "json": true
      },
      "version": "6.3.2"
    }
  }
}