{
  "stats": {
    "suites": 1,
    "tests": 2,
    "passes": 2,
    "pending": 0,
    "failures": 0,
    "start": "2025-11-28T16:27:31.669Z",
    "end": "2025-11-28T16:27:34.480Z",
    "duration": 2811,
    "testsRegistered": 2,
    "passPercent": 100,
    "pendingPercent": 0,
    "other": 0,
    "hasOther": false,
    "skipped": 0,
    "hasSkipped": false
  },
  "results": [
    {
      "uuid": "8e4b557a-ddd9-4697-9537-58476db1e8a2",
      "title": "",
      "fullFile": "cypress\\e2e\\login\\login.cy.js",
      "file": "cypress\\e2e\\login\\login.cy.js",
      "beforeHooks": [],
      "afterHooks": [],
      "tests": [],
      "suites": [
        {
          "uuid": "6c587866-9b38-479e-8b1d-bae627cb1c0c",
          "title": "Login Tests - SauceDemo",
          "fullFile": "",
          "file": "",
          "beforeHooks": [],
          "afterHooks": [],
          "tests": [
            {
              "title": "should login successfully with valid credentials",
              "fullTitle": "Login Tests - SauceDemo should login successfully with valid credentials",
              "timedOut": null,
              "duration": 1497,
              "state": "passed",
              "speed": "fast",
              "pass": true,
              "fail": false,
              "pending": false,
              "context": null,
              "code": "// Esegue login tramite metodo del Page Object\n_LoginPage.default.login('standard_user', 'secret_sauce');\n// Verifica che l'URL sia quello della pagina inventario (login riuscito)\ncy.url().should('include', '/inventory.html');",
              "err": {},
              "uuid": "65aea54e-8225-4037-ad7c-78ac2b50656f",
              "parentUUID": "6c587866-9b38-479e-8b1d-bae627cb1c0c",
              "isHook": false,
              "skipped": false
            },
            {
              "title": "should show error on invalid credentials",
              "fullTitle": "Login Tests - SauceDemo should show error on invalid credentials",
              "timedOut": null,
              "duration": 1223,
              "state": "passed",
              "speed": "fast",
              "pass": true,
              "fail": false,
              "pending": false,
              "context": null,
              "code": "// Prova a eseguire login con credenziali errate\n_LoginPage.default.login('wrong_user', 'wrong_password');\n// Verifica la presenza del messaggio di errore\n_LoginPage.default.errorMessage.should('be.visible').and('contain.text', 'Username and password do not match any user in this service');",
              "err": {},
              "uuid": "3cb0174f-227f-4e08-ac02-88528a0d0a18",
              "parentUUID": "6c587866-9b38-479e-8b1d-bae627cb1c0c",
              "isHook": false,
              "skipped": false
            }
          ],
          "suites": [],
          "passes": [
            "65aea54e-8225-4037-ad7c-78ac2b50656f",
            "3cb0174f-227f-4e08-ac02-88528a0d0a18"
          ],
          "failures": [],
          "pending": [],
          "skipped": [],
          "duration": 2720,
          "root": false,
          "rootEmpty": false,
          "_timeout": 2000
        }
      ],
      "passes": [],
      "failures": [],
      "pending": [],
      "skipped": [],
      "duration": 0,
      "root": true,
      "rootEmpty": true,
      "_timeout": 2000
    }
  ],
  "meta": {
    "mocha": {
      "version": "7.2.0"
    },
    "mochawesome": {
      "options": {
        "quiet": false,
        "reportFilename": "mochawesome",
        "saveHtml": false,
        "saveJson": true,
        "consoleReporter": "spec",
        "useInlineDiffs": false,
        "code": true
      },
      "version": "7.1.4"
    },
    "marge": {
      "options": {
        "reportDir": "cypress/reports",
        "overwrite": false,
        "html": false,
        "json": true
      },
      "version": "6.3.2"
    }
  }
}