{
  "stats": {
    "suites": 1,
    "tests": 1,
    "passes": 1,
    "pending": 0,
    "failures": 0,
    "start": "2025-11-28T12:44:53.094Z",
    "end": "2025-11-28T12:44:57.117Z",
    "duration": 4023,
    "testsRegistered": 1,
    "passPercent": 100,
    "pendingPercent": 0,
    "other": 0,
    "hasOther": false,
    "skipped": 0,
    "hasSkipped": false
  },
  "results": [
    {
      "uuid": "e55c186e-e124-439c-9c99-832b9ebf6bc9",
      "title": "",
      "fullFile": "cypress\\e2e\\smoke\\04_login_realsite.cy.js",
      "file": "cypress\\e2e\\smoke\\04_login_realsite.cy.js",
      "beforeHooks": [],
      "afterHooks": [],
      "tests": [],
      "suites": [
        {
          "uuid": "4a1cc558-330c-4ee9-983e-5e8868454266",
          "title": "Login Smoke Test - SauceDemo",
          "fullFile": "",
          "file": "",
          "beforeHooks": [],
          "afterHooks": [],
          "tests": [
            {
              "title": "should login successfully with valid credentials",
              "fullTitle": "Login Smoke Test - SauceDemo should login successfully with valid credentials",
              "timedOut": null,
              "duration": 3890,
              "state": "passed",
              "speed": "fast",
              "pass": true,
              "fail": false,
              "pending": false,
              "context": null,
              "code": "// Visita la pagina principale\ncy.visit('/');\n// Effettua il login usando il PO\n_LoginPage.default.login('standard_user', 'secret_sauce');\n// Verifica che l'URL contenga /inventory.html\ncy.url().should('include', '/inventory.html');",
              "err": {},
              "uuid": "7eb20e9e-2748-4506-9263-b3a5adda25c1",
              "parentUUID": "4a1cc558-330c-4ee9-983e-5e8868454266",
              "isHook": false,
              "skipped": false
            }
          ],
          "suites": [],
          "passes": [
            "7eb20e9e-2748-4506-9263-b3a5adda25c1"
          ],
          "failures": [],
          "pending": [],
          "skipped": [],
          "duration": 3890,
          "root": false,
          "rootEmpty": false,
          "_timeout": 2000
        }
      ],
      "passes": [],
      "failures": [],
      "pending": [],
      "skipped": [],
      "duration": 0,
      "root": true,
      "rootEmpty": true,
      "_timeout": 2000
    }
  ],
  "meta": {
    "mocha": {
      "version": "7.2.0"
    },
    "mochawesome": {
      "options": {
        "quiet": false,
        "reportFilename": "mochawesome",
        "saveHtml": false,
        "saveJson": true,
        "consoleReporter": "spec",
        "useInlineDiffs": false,
        "code": true
      },
      "version": "7.1.4"
    },
    "marge": {
      "options": {
        "reportDir": "cypress/reports",
        "overwrite": false,
        "html": false,
        "json": true
      },
      "version": "6.3.2"
    }
  }
}