{
  "stats": {
    "suites": 1,
    "tests": 1,
    "passes": 1,
    "pending": 0,
    "failures": 0,
    "start": "2025-11-26T16:09:54.720Z",
    "end": "2025-11-26T16:09:57.434Z",
    "duration": 2714,
    "testsRegistered": 1,
    "passPercent": 100,
    "pendingPercent": 0,
    "other": 0,
    "hasOther": false,
    "skipped": 0,
    "hasSkipped": false
  },
  "results": [
    {
      "uuid": "fb3817d2-6ed9-457e-9f35-d770c89d7f3d",
      "title": "",
      "fullFile": "cypress\\e2e\\basics\\form.cy.js",
      "file": "cypress\\e2e\\basics\\form.cy.js",
      "beforeHooks": [],
      "afterHooks": [],
      "tests": [],
      "suites": [
        {
          "uuid": "164bf1ae-efa8-499d-83f7-1b55dda5ea2a",
          "title": "Contact Form Test - SauceDemo",
          "fullFile": "",
          "file": "",
          "beforeHooks": [],
          "afterHooks": [],
          "tests": [
            {
              "title": "should submit the form",
              "fullTitle": "Contact Form Test - SauceDemo should submit the form",
              "timedOut": null,
              "duration": 2597,
              "state": "passed",
              "speed": "fast",
              "pass": true,
              "fail": false,
              "pending": false,
              "context": null,
              "code": "cy.visit('/');\ncy.get('[data-test=username]').type('standard_user');\ncy.get('[data-test=password]').type('secret_sauce');\ncy.get('[data-test=login-button]').click();\n// scegli un prodotto qualsiasi\ncy.get('.inventory_item:first .inventory_item_name').click();\ncy.get('.btn_inventory').click();\n// verifica aggiunta al carrello\ncy.get('.shopping_cart_badge').should('contain', '1');",
              "err": {},
              "uuid": "33c4894d-7b07-44c7-9bd5-06ec086b02e9",
              "parentUUID": "164bf1ae-efa8-499d-83f7-1b55dda5ea2a",
              "isHook": false,
              "skipped": false
            }
          ],
          "suites": [],
          "passes": [
            "33c4894d-7b07-44c7-9bd5-06ec086b02e9"
          ],
          "failures": [],
          "pending": [],
          "skipped": [],
          "duration": 2597,
          "root": false,
          "rootEmpty": false,
          "_timeout": 2000
        }
      ],
      "passes": [],
      "failures": [],
      "pending": [],
      "skipped": [],
      "duration": 0,
      "root": true,
      "rootEmpty": true,
      "_timeout": 2000
    }
  ],
  "meta": {
    "mocha": {
      "version": "7.2.0"
    },
    "mochawesome": {
      "options": {
        "quiet": false,
        "reportFilename": "mochawesome",
        "saveHtml": false,
        "saveJson": true,
        "consoleReporter": "spec",
        "useInlineDiffs": false,
        "code": true
      },
      "version": "7.1.4"
    },
    "marge": {
      "options": {
        "reportDir": "cypress/reports",
        "overwrite": false,
        "html": false,
        "json": true
      },
      "version": "6.3.2"
    }
  }
}