{
  "stats": {
    "suites": 1,
    "tests": 1,
    "passes": 1,
    "pending": 0,
    "failures": 0,
    "start": "2025-11-28T13:33:23.535Z",
    "end": "2025-11-28T13:33:27.213Z",
    "duration": 3678,
    "testsRegistered": 1,
    "passPercent": 100,
    "pendingPercent": 0,
    "other": 0,
    "hasOther": false,
    "skipped": 0,
    "hasSkipped": false
  },
  "results": [
    {
      "uuid": "18eaf3cd-29fd-4c0f-8a85-0cc7f3470861",
      "title": "",
      "fullFile": "cypress\\e2e\\smoke\\06_checkbox_realsite.cy.js",
      "file": "cypress\\e2e\\smoke\\06_checkbox_realsite.cy.js",
      "beforeHooks": [],
      "afterHooks": [],
      "tests": [],
      "suites": [
        {
          "uuid": "762b8c47-2ec1-40e8-84eb-436e528285f1",
          "title": "Product Filter Checkbox - Smoke Test",
          "fullFile": "",
          "file": "",
          "beforeHooks": [],
          "afterHooks": [],
          "tests": [
            {
              "title": "Dovrebbe filtrare prodotti usando checkbox o selezioni disponibili",
              "fullTitle": "Product Filter Checkbox - Smoke Test Dovrebbe filtrare prodotti usando checkbox o selezioni disponibili",
              "timedOut": null,
              "duration": 3551,
              "state": "passed",
              "speed": "fast",
              "pass": true,
              "fail": false,
              "pending": false,
              "context": null,
              "code": "// Esempio: selezione filtro \"Nome (Z to A)\" come test checkbox-like\n// Nota: SauceDemo non ha checkbox reali, simula filtraggio prodotto\n_ProductsPage.default.selectSortOption('za'); // usa PO per dropdown\n// Controllo che il primo prodotto corrisponda all’ordinamento scelto\n_ProductsPage.default.productTitle().first().should('contain.text', 'Test.allTheThings() T-Shirt (Red)');",
              "err": {},
              "uuid": "123c4aa9-6a18-4b34-8c5c-f97d83538643",
              "parentUUID": "762b8c47-2ec1-40e8-84eb-436e528285f1",
              "isHook": false,
              "skipped": false
            }
          ],
          "suites": [],
          "passes": [
            "123c4aa9-6a18-4b34-8c5c-f97d83538643"
          ],
          "failures": [],
          "pending": [],
          "skipped": [],
          "duration": 3551,
          "root": false,
          "rootEmpty": false,
          "_timeout": 2000
        }
      ],
      "passes": [],
      "failures": [],
      "pending": [],
      "skipped": [],
      "duration": 0,
      "root": true,
      "rootEmpty": true,
      "_timeout": 2000
    }
  ],
  "meta": {
    "mocha": {
      "version": "7.2.0"
    },
    "mochawesome": {
      "options": {
        "quiet": false,
        "reportFilename": "mochawesome",
        "saveHtml": false,
        "saveJson": true,
        "consoleReporter": "spec",
        "useInlineDiffs": false,
        "code": true
      },
      "version": "7.1.4"
    },
    "marge": {
      "options": {
        "reportDir": "cypress/reports",
        "overwrite": false,
        "html": false,
        "json": true
      },
      "version": "6.3.2"
    }
  }
}