{
  "stats": {
    "suites": 1,
    "tests": 2,
    "passes": 2,
    "pending": 0,
    "failures": 0,
    "start": "2025-11-28T12:40:39.414Z",
    "end": "2025-11-28T12:40:40.479Z",
    "duration": 1065,
    "testsRegistered": 2,
    "passPercent": 100,
    "pendingPercent": 0,
    "other": 0,
    "hasOther": false,
    "skipped": 0,
    "hasSkipped": false
  },
  "results": [
    {
      "uuid": "8e733d6e-9542-49c1-94df-4a6e94e64602",
      "title": "",
      "fullFile": "cypress\\e2e\\api\\api_get.cy.js",
      "file": "cypress\\e2e\\api\\api_get.cy.js",
      "beforeHooks": [],
      "afterHooks": [],
      "tests": [],
      "suites": [
        {
          "uuid": "45322f81-d969-49d6-94c9-e3ff6b69e67d",
          "title": "API GET Tests",
          "fullFile": "",
          "file": "",
          "beforeHooks": [],
          "afterHooks": [],
          "tests": [
            {
              "title": "GET - Recupera lista di post e valida struttura",
              "fullTitle": "API GET Tests GET - Recupera lista di post e valida struttura",
              "timedOut": null,
              "duration": 729,
              "state": "passed",
              "speed": "fast",
              "pass": true,
              "fail": false,
              "pending": false,
              "context": null,
              "code": "cy.request('https://jsonplaceholder.typicode.com/posts').then(response => {\n  // Status code OK\n  expect(response.status).to.eq(200);\n  // Body deve essere un array\n  expect(response.body).to.be.an('array');\n  // Controlliamo il primo elemento\n  expect(response.body[0]).to.have.property('id');\n  expect(response.body[0]).to.have.property('title');\n});",
              "err": {},
              "uuid": "0b3aeace-ec85-4e31-b793-e54623af68de",
              "parentUUID": "45322f81-d969-49d6-94c9-e3ff6b69e67d",
              "isHook": false,
              "skipped": false
            },
            {
              "title": "GET - Recupera un singolo post e controlla valori specifici",
              "fullTitle": "API GET Tests GET - Recupera un singolo post e controlla valori specifici",
              "timedOut": null,
              "duration": 150,
              "state": "passed",
              "speed": "fast",
              "pass": true,
              "fail": false,
              "pending": false,
              "context": null,
              "code": "cy.request('https://jsonplaceholder.typicode.com/posts/1').then(response => {\n  expect(response.status).to.eq(200);\n  expect(response.body).to.have.property('id', 1);\n  expect(response.body.userId).to.eq(1);\n});",
              "err": {},
              "uuid": "543f1408-47f6-4767-b4ff-a566efcf53e8",
              "parentUUID": "45322f81-d969-49d6-94c9-e3ff6b69e67d",
              "isHook": false,
              "skipped": false
            }
          ],
          "suites": [],
          "passes": [
            "0b3aeace-ec85-4e31-b793-e54623af68de",
            "543f1408-47f6-4767-b4ff-a566efcf53e8"
          ],
          "failures": [],
          "pending": [],
          "skipped": [],
          "duration": 879,
          "root": false,
          "rootEmpty": false,
          "_timeout": 2000
        }
      ],
      "passes": [],
      "failures": [],
      "pending": [],
      "skipped": [],
      "duration": 0,
      "root": true,
      "rootEmpty": true,
      "_timeout": 2000
    }
  ],
  "meta": {
    "mocha": {
      "version": "7.2.0"
    },
    "mochawesome": {
      "options": {
        "quiet": false,
        "reportFilename": "mochawesome",
        "saveHtml": false,
        "saveJson": true,
        "consoleReporter": "spec",
        "useInlineDiffs": false,
        "code": true
      },
      "version": "7.1.4"
    },
    "marge": {
      "options": {
        "reportDir": "cypress/reports",
        "overwrite": false,
        "html": false,
        "json": true
      },
      "version": "6.3.2"
    }
  }
}