{
  "stats": {
    "suites": 1,
    "tests": 1,
    "passes": 1,
    "pending": 0,
    "failures": 0,
    "start": "2025-11-28T15:59:20.848Z",
    "end": "2025-11-28T15:59:22.482Z",
    "duration": 1634,
    "testsRegistered": 1,
    "passPercent": 100,
    "pendingPercent": 0,
    "other": 0,
    "hasOther": false,
    "skipped": 0,
    "hasSkipped": false
  },
  "results": [
    {
      "uuid": "6bc3ac88-48d2-4ee7-b0c4-ed2b0d398a7a",
      "title": "",
      "fullFile": "cypress\\e2e\\basics\\dropdown-radio-behavior.cy.js",
      "file": "cypress\\e2e\\basics\\dropdown-radio-behavior.cy.js",
      "beforeHooks": [],
      "afterHooks": [],
      "tests": [],
      "suites": [
        {
          "uuid": "a793fe33-fbd2-479b-bfb5-d3dd68805644",
          "title": "Product Sorting - Name Z to A (Radio-like Example)",
          "fullFile": "",
          "file": "",
          "beforeHooks": [],
          "afterHooks": [],
          "tests": [
            {
              "title": "should sort products by Name Z → A using dropdown",
              "fullTitle": "Product Sorting - Name Z to A (Radio-like Example) should sort products by Name Z → A using dropdown",
              "timedOut": null,
              "duration": 1546,
              "state": "passed",
              "speed": "fast",
              "pass": true,
              "fail": false,
              "pending": false,
              "context": null,
              "code": "cy.get('.product_sort_container').select('za');\n// 🔹 Verifica: primo prodotto deve essere quello che inizia per \"T\"\ncy.get('.inventory_item').first().find('.inventory_item_name').should('contain', 'Test.allTheThings() T-Shirt (Red)');",
              "err": {},
              "uuid": "ef6637a4-50f5-4f3a-b317-8dd13daf10dd",
              "parentUUID": "a793fe33-fbd2-479b-bfb5-d3dd68805644",
              "isHook": false,
              "skipped": false
            }
          ],
          "suites": [],
          "passes": [
            "ef6637a4-50f5-4f3a-b317-8dd13daf10dd"
          ],
          "failures": [],
          "pending": [],
          "skipped": [],
          "duration": 1546,
          "root": false,
          "rootEmpty": false,
          "_timeout": 2000
        }
      ],
      "passes": [],
      "failures": [],
      "pending": [],
      "skipped": [],
      "duration": 0,
      "root": true,
      "rootEmpty": true,
      "_timeout": 2000
    }
  ],
  "meta": {
    "mocha": {
      "version": "7.2.0"
    },
    "mochawesome": {
      "options": {
        "quiet": false,
        "reportFilename": "mochawesome",
        "saveHtml": false,
        "saveJson": true,
        "consoleReporter": "spec",
        "useInlineDiffs": false,
        "code": true
      },
      "version": "7.1.4"
    },
    "marge": {
      "options": {
        "reportDir": "cypress/reports",
        "overwrite": false,
        "html": false,
        "json": true
      },
      "version": "6.3.2"
    }
  }
}