{
  "stats": {
    "suites": 1,
    "tests": 1,
    "passes": 1,
    "pending": 0,
    "failures": 0,
    "start": "2025-11-26T16:44:47.647Z",
    "end": "2025-11-26T16:44:49.264Z",
    "duration": 1617,
    "testsRegistered": 1,
    "passPercent": 100,
    "pendingPercent": 0,
    "other": 0,
    "hasOther": false,
    "skipped": 0,
    "hasSkipped": false
  },
  "results": [
    {
      "uuid": "1ec2930b-1ca8-4dbd-8a37-64b36f2bc5d3",
      "title": "",
      "fullFile": "cypress\\e2e\\real_sites\\03_add_to_cart.cy.js",
      "file": "cypress\\e2e\\real_sites\\03_add_to_cart.cy.js",
      "beforeHooks": [],
      "afterHooks": [],
      "tests": [],
      "suites": [
        {
          "uuid": "45a514d5-fb8d-4184-bbe9-cd0518113565",
          "title": "Add to Cart Flow - SauceDemo",
          "fullFile": "",
          "file": "",
          "beforeHooks": [],
          "afterHooks": [],
          "tests": [
            {
              "title": "should add multiple products to the cart",
              "fullTitle": "Add to Cart Flow - SauceDemo should add multiple products to the cart",
              "timedOut": null,
              "duration": 1539,
              "state": "passed",
              "speed": "fast",
              "pass": true,
              "fail": false,
              "pending": false,
              "context": null,
              "code": "cy.get('.inventory_item').each(($el, index) => {\n  if (index < 2) {\n    cy.wrap($el).find('.btn_inventory').click();\n  }\n});\ncy.get('.shopping_cart_badge').should('contain', '2');",
              "err": {},
              "uuid": "7b21351a-20b3-44f3-a4e2-e8aa64e5afc8",
              "parentUUID": "45a514d5-fb8d-4184-bbe9-cd0518113565",
              "isHook": false,
              "skipped": false
            }
          ],
          "suites": [],
          "passes": [
            "7b21351a-20b3-44f3-a4e2-e8aa64e5afc8"
          ],
          "failures": [],
          "pending": [],
          "skipped": [],
          "duration": 1539,
          "root": false,
          "rootEmpty": false,
          "_timeout": 2000
        }
      ],
      "passes": [],
      "failures": [],
      "pending": [],
      "skipped": [],
      "duration": 0,
      "root": true,
      "rootEmpty": true,
      "_timeout": 2000
    }
  ],
  "meta": {
    "mocha": {
      "version": "7.2.0"
    },
    "mochawesome": {
      "options": {
        "quiet": false,
        "reportFilename": "mochawesome",
        "saveHtml": false,
        "saveJson": true,
        "consoleReporter": "spec",
        "useInlineDiffs": false,
        "code": true
      },
      "version": "7.1.4"
    },
    "marge": {
      "options": {
        "reportDir": "cypress/reports",
        "overwrite": false,
        "html": false,
        "json": true
      },
      "version": "6.3.2"
    }
  }
}