{
  "stats": {
    "suites": 1,
    "tests": 1,
    "passes": 1,
    "pending": 0,
    "failures": 0,
    "start": "2025-11-28T16:17:42.237Z",
    "end": "2025-11-28T16:17:44.301Z",
    "duration": 2064,
    "testsRegistered": 1,
    "passPercent": 100,
    "pendingPercent": 0,
    "other": 0,
    "hasOther": false,
    "skipped": 0,
    "hasSkipped": false
  },
  "results": [
    {
      "uuid": "ef4db7e4-9701-40a3-983b-4e93bddc355a",
      "title": "",
      "fullFile": "cypress\\e2e\\smoke\\06_checkbox_realsite.cy.js",
      "file": "cypress\\e2e\\smoke\\06_checkbox_realsite.cy.js",
      "beforeHooks": [],
      "afterHooks": [],
      "tests": [],
      "suites": [
        {
          "uuid": "ed1127e8-a779-49ba-a499-19143cea92e1",
          "title": "Product Filter Checkbox - Smoke Test",
          "fullFile": "",
          "file": "",
          "beforeHooks": [],
          "afterHooks": [],
          "tests": [
            {
              "title": "Dovrebbe filtrare prodotti usando checkbox o selezioni disponibili",
              "fullTitle": "Product Filter Checkbox - Smoke Test Dovrebbe filtrare prodotti usando checkbox o selezioni disponibili",
              "timedOut": null,
              "duration": 1946,
              "state": "passed",
              "speed": "fast",
              "pass": true,
              "fail": false,
              "pending": false,
              "context": null,
              "code": "// Esempio: selezione filtro \"Nome (Z to A)\" come test checkbox-like\n// Nota: SauceDemo non ha checkbox reali, simula filtraggio prodotto\n_ProductsPage.default.selectSortOption('za'); // usa PO per dropdown\n// Controllo che il primo prodotto corrisponda all’ordinamento scelto\n_ProductsPage.default.productTitle().first().should('contain.text', 'Test.allTheThings() T-Shirt (Red)');",
              "err": {},
              "uuid": "68aadd84-737b-4d26-91cd-664126770954",
              "parentUUID": "ed1127e8-a779-49ba-a499-19143cea92e1",
              "isHook": false,
              "skipped": false
            }
          ],
          "suites": [],
          "passes": [
            "68aadd84-737b-4d26-91cd-664126770954"
          ],
          "failures": [],
          "pending": [],
          "skipped": [],
          "duration": 1946,
          "root": false,
          "rootEmpty": false,
          "_timeout": 2000
        }
      ],
      "passes": [],
      "failures": [],
      "pending": [],
      "skipped": [],
      "duration": 0,
      "root": true,
      "rootEmpty": true,
      "_timeout": 2000
    }
  ],
  "meta": {
    "mocha": {
      "version": "7.2.0"
    },
    "mochawesome": {
      "options": {
        "quiet": false,
        "reportFilename": "mochawesome",
        "saveHtml": false,
        "saveJson": true,
        "consoleReporter": "spec",
        "useInlineDiffs": false,
        "code": true
      },
      "version": "7.1.4"
    },
    "marge": {
      "options": {
        "reportDir": "cypress/reports",
        "overwrite": false,
        "html": false,
        "json": true
      },
      "version": "6.3.2"
    }
  }
}