{
  "stats": {
    "suites": 1,
    "tests": 1,
    "passes": 0,
    "pending": 0,
    "failures": 1,
    "start": "2025-11-28T14:53:40.221Z",
    "end": "2025-11-28T14:53:46.717Z",
    "duration": 6496,
    "testsRegistered": 1,
    "passPercent": 0,
    "pendingPercent": 0,
    "other": 0,
    "hasOther": false,
    "skipped": 0,
    "hasSkipped": false
  },
  "results": [
    {
      "uuid": "ebccd75e-2dbf-449f-9946-36eedc196ead",
      "title": "",
      "fullFile": "cypress\\e2e\\smoke\\02_product_realsite.cy.js",
      "file": "cypress\\e2e\\smoke\\02_product_realsite.cy.js",
      "beforeHooks": [],
      "afterHooks": [],
      "tests": [],
      "suites": [
        {
          "uuid": "0c0614a8-99e4-4018-a4c3-308069590f84",
          "title": "Form / Checkout Smoke Test - SauceDemo",
          "fullFile": "",
          "file": "",
          "beforeHooks": [],
          "afterHooks": [],
          "tests": [
            {
              "title": "Dovrebbe aggiungere prodotti al carrello e compilare il form di checkout",
              "fullTitle": "Form / Checkout Smoke Test - SauceDemo Dovrebbe aggiungere prodotti al carrello e compilare il form di checkout",
              "timedOut": null,
              "duration": 6450,
              "state": "failed",
              "speed": null,
              "pass": false,
              "fail": true,
              "pending": false,
              "context": null,
              "code": "// Aggiunge i primi 2 prodotti tramite indice (ordine variabile)\n_CartPage.default.addProductByIndex(0);\n_CartPage.default.addProductByIndex(1);\n// Verifica badge carrello\n_CartPage.default.getCartCount().should('contain.text', '2');\n// Apri carrello\n_CartPage.default.openCart();\n// Verifica che ci siano esattamente 2 elementi\n_CartPage.default.getCartItemCount().should('have.length', 2);\n// Compila form\n_FormPage.default.fillForm('Marco', 'marco@example.com', 'Test smoke form');\n// Verifica eventuale messaggio di conferma\ncy.contains('Form submitted').should('be.visible');",
              "err": {
                "message": "AssertionError: Timed out retrying after 4000ms: Expected to find element: `#name`, but never found it.",
                "estack": "AssertionError: Timed out retrying after 4000ms: Expected to find element: `#name`, but never found it.\n    at get nameInput (webpack://cypressclean/./cypress/pages/FormPage.js:2:30)\n    at FormPage.fillForm (webpack://cypressclean/./cypress/pages/FormPage.js:8:9)\n    at Context.eval (webpack://cypressclean/./cypress/e2e/smoke/02_product_realsite.cy.js:31:13)",
                "diff": null
              },
              "uuid": "cab3b7d0-34ab-4fa0-bc99-a65b6e34a1a9",
              "parentUUID": "0c0614a8-99e4-4018-a4c3-308069590f84",
              "isHook": false,
              "skipped": false
            }
          ],
          "suites": [],
          "passes": [],
          "failures": [
            "cab3b7d0-34ab-4fa0-bc99-a65b6e34a1a9"
          ],
          "pending": [],
          "skipped": [],
          "duration": 6450,
          "root": false,
          "rootEmpty": false,
          "_timeout": 2000
        }
      ],
      "passes": [],
      "failures": [],
      "pending": [],
      "skipped": [],
      "duration": 0,
      "root": true,
      "rootEmpty": true,
      "_timeout": 2000
    }
  ],
  "meta": {
    "mocha": {
      "version": "7.2.0"
    },
    "mochawesome": {
      "options": {
        "quiet": false,
        "reportFilename": "mochawesome",
        "saveHtml": false,
        "saveJson": true,
        "consoleReporter": "spec",
        "useInlineDiffs": false,
        "code": true
      },
      "version": "7.1.4"
    },
    "marge": {
      "options": {
        "reportDir": "cypress/reports",
        "overwrite": false,
        "html": false,
        "json": true
      },
      "version": "6.3.2"
    }
  }
}