{
  "stats": {
    "suites": 1,
    "tests": 1,
    "passes": 1,
    "pending": 0,
    "failures": 0,
    "start": "2025-11-28T16:25:26.362Z",
    "end": "2025-11-28T16:25:29.964Z",
    "duration": 3602,
    "testsRegistered": 1,
    "passPercent": 100,
    "pendingPercent": 0,
    "other": 0,
    "hasOther": false,
    "skipped": 0,
    "hasSkipped": false
  },
  "results": [
    {
      "uuid": "94365593-cbdf-4efe-a2c4-d800b1d7cadb",
      "title": "",
      "fullFile": "cypress\\e2e\\api\\apiStub.cy.js",
      "file": "cypress\\e2e\\api\\apiStub.cy.js",
      "beforeHooks": [],
      "afterHooks": [],
      "tests": [],
      "suites": [
        {
          "uuid": "aee369f8-2591-426f-ae82-b47a6c6f5824",
          "title": "API Stub Test - SauceDemo",
          "fullFile": "",
          "file": "",
          "beforeHooks": [],
          "afterHooks": [],
          "tests": [
            {
              "title": "should login and see inventory page",
              "fullTitle": "API Stub Test - SauceDemo should login and see inventory page",
              "timedOut": null,
              "duration": 3496,
              "state": "passed",
              "speed": "fast",
              "pass": true,
              "fail": false,
              "pending": false,
              "context": null,
              "code": "cy.visit('https://www.saucedemo.com/');\ncy.get('[data-test=username]').type('standard_user');\ncy.get('[data-test=password]').type('secret_sauce');\ncy.get('[data-test=login-button]').click();\n// verifica che la pagina inventory sia caricata\ncy.url().should('include', '/inventory.html');\ncy.get('.inventory_list').should('exist');",
              "err": {},
              "uuid": "5871977e-eab6-4711-b5a9-ca12a4102bfa",
              "parentUUID": "aee369f8-2591-426f-ae82-b47a6c6f5824",
              "isHook": false,
              "skipped": false
            }
          ],
          "suites": [],
          "passes": [
            "5871977e-eab6-4711-b5a9-ca12a4102bfa"
          ],
          "failures": [],
          "pending": [],
          "skipped": [],
          "duration": 3496,
          "root": false,
          "rootEmpty": false,
          "_timeout": 2000
        }
      ],
      "passes": [],
      "failures": [],
      "pending": [],
      "skipped": [],
      "duration": 0,
      "root": true,
      "rootEmpty": true,
      "_timeout": 2000
    }
  ],
  "meta": {
    "mocha": {
      "version": "7.2.0"
    },
    "mochawesome": {
      "options": {
        "quiet": false,
        "reportFilename": "mochawesome",
        "saveHtml": false,
        "saveJson": true,
        "consoleReporter": "spec",
        "useInlineDiffs": false,
        "code": true
      },
      "version": "7.1.4"
    },
    "marge": {
      "options": {
        "reportDir": "cypress/reports",
        "overwrite": false,
        "html": false,
        "json": true
      },
      "version": "6.3.2"
    }
  }
}