{
  "stats": {
    "suites": 1,
    "tests": 1,
    "passes": 1,
    "pending": 0,
    "failures": 0,
    "start": "2025-11-26T20:09:41.917Z",
    "end": "2025-11-26T20:09:45.734Z",
    "duration": 3817,
    "testsRegistered": 1,
    "passPercent": 100,
    "pendingPercent": 0,
    "other": 0,
    "hasOther": false,
    "skipped": 0,
    "hasSkipped": false
  },
  "results": [
    {
      "uuid": "e4030f21-af47-4a11-81f5-2f239389b461",
      "title": "",
      "fullFile": "cypress\\e2e\\forms\\form.cy.js",
      "file": "cypress\\e2e\\forms\\form.cy.js",
      "beforeHooks": [],
      "afterHooks": [],
      "tests": [],
      "suites": [
        {
          "uuid": "6cd2a91f-5eb8-4d26-9fb8-c92fa3d03771",
          "title": "Contact Form Test - SauceDemo",
          "fullFile": "",
          "file": "",
          "beforeHooks": [],
          "afterHooks": [],
          "tests": [
            {
              "title": "should submit the form",
              "fullTitle": "Contact Form Test - SauceDemo should submit the form",
              "timedOut": null,
              "duration": 3665,
              "state": "passed",
              "speed": "fast",
              "pass": true,
              "fail": false,
              "pending": false,
              "context": null,
              "code": "cy.visit('/');\ncy.get('[data-test=username]').type('standard_user');\ncy.get('[data-test=password]').type('secret_sauce');\ncy.get('[data-test=login-button]').click();\n// aggiunge i primi 2 prodotti al carrello\ncy.get('.inventory_item').each(($el, index) => {\n  if (index < 2) {\n    cy.wrap($el).find('.btn_inventory').click();\n  }\n});\n// verifica badge carrello\ncy.get('.shopping_cart_badge').should('contain', '2');",
              "err": {},
              "uuid": "13e7d857-a194-407c-951a-ec31d474b428",
              "parentUUID": "6cd2a91f-5eb8-4d26-9fb8-c92fa3d03771",
              "isHook": false,
              "skipped": false
            }
          ],
          "suites": [],
          "passes": [
            "13e7d857-a194-407c-951a-ec31d474b428"
          ],
          "failures": [],
          "pending": [],
          "skipped": [],
          "duration": 3665,
          "root": false,
          "rootEmpty": false,
          "_timeout": 2000
        }
      ],
      "passes": [],
      "failures": [],
      "pending": [],
      "skipped": [],
      "duration": 0,
      "root": true,
      "rootEmpty": true,
      "_timeout": 2000
    }
  ],
  "meta": {
    "mocha": {
      "version": "7.2.0"
    },
    "mochawesome": {
      "options": {
        "quiet": false,
        "reportFilename": "mochawesome",
        "saveHtml": false,
        "saveJson": true,
        "consoleReporter": "spec",
        "useInlineDiffs": false,
        "code": true
      },
      "version": "7.1.4"
    },
    "marge": {
      "options": {
        "reportDir": "cypress/reports",
        "overwrite": false,
        "html": false,
        "json": true
      },
      "version": "6.3.2"
    }
  }
}