{
  "stats": {
    "suites": 1,
    "tests": 1,
    "passes": 0,
    "pending": 0,
    "failures": 1,
    "start": "2025-11-26T20:09:12.242Z",
    "end": "2025-11-26T20:09:16.214Z",
    "duration": 3972,
    "testsRegistered": 1,
    "passPercent": 0,
    "pendingPercent": 0,
    "other": 0,
    "hasOther": false,
    "skipped": 0,
    "hasSkipped": false
  },
  "results": [
    {
      "uuid": "b0d76272-4ae5-4486-9510-8cd74aa7b656",
      "title": "",
      "fullFile": "cypress\\e2e\\cart\\add_product_cart_multiple.cy.js",
      "file": "cypress\\e2e\\cart\\add_product_cart_multiple.cy.js",
      "beforeHooks": [],
      "afterHooks": [],
      "tests": [],
      "suites": [
        {
          "uuid": "dd0f0ee5-489b-44ef-88fe-536c9587c8e6",
          "title": "Cart — Add Multiple Products",
          "fullFile": "",
          "file": "",
          "beforeHooks": [],
          "afterHooks": [],
          "tests": [
            {
              "title": "should add two different products to the cart (two PO methods)",
              "fullTitle": "Cart — Add Multiple Products should add two different products to the cart (two PO methods)",
              "timedOut": null,
              "duration": 3789,
              "state": "failed",
              "speed": null,
              "pass": false,
              "fail": true,
              "pending": false,
              "context": null,
              "code": "// 1️⃣ Aggiungo il primo prodotto usando INDEX\n_CartPage.default.addProductByIndex(0);\n// 2️⃣ Aggiungo il secondo usando il metodo con PRODUCT NAME\n_CartPage.default.addProductToCartByProductName('Sauce Labs Bike Light');\n// 3️⃣ Controllo il badge (dovrebbe essere 2)\n_CartPage.default.getCartCount().should('have.text', '2');\n// 4️⃣ Apro il carrello\ncy.get('[data-test=shopping-cart-link]').click();\n// 5️⃣ Controllo che ci siano effettivamente 2 prodotti\ncy.get('.cart_item').should('have.length', 2);",
              "err": {
                "message": "TypeError: _CartPage.default.addProductToCartByProductName is not a function",
                "estack": "TypeError: _CartPage.default.addProductToCartByProductName is not a function\n    at Context.eval (webpack://cypressclean/./cypress/e2e/cart/add_product_cart_multiple.cy.js:23:13)\n    at runnable.fn (https://www.saucedemo.com/__cypress/runner/cypress_runner.js:141800:19)\n    at callFn (https://www.saucedemo.com/__cypress/runner/cypress_runner.js:160869:21)\n    at Runnable.run (https://www.saucedemo.com/__cypress/runner/cypress_runner.js:160856:7)\n    at <unknown> (https://www.saucedemo.com/__cypress/runner/cypress_runner.js:166951:30)\n    at PassThroughHandlerContext.finallyHandler (https://www.saucedemo.com/__cypress/runner/cypress_runner.js:4042:23)\n    at PassThroughHandlerContext.tryCatcher (https://www.saucedemo.com/__cypress/runner/cypress_runner.js:1777:23)\n    at Promise._settlePromiseFromHandler (https://www.saucedemo.com/__cypress/runner/cypress_runner.js:1489:31)\n    at Promise._settlePromise (https://www.saucedemo.com/__cypress/runner/cypress_runner.js:1546:18)",
                "diff": null
              },
              "uuid": "dd552874-f111-45ba-a05d-b2a6570d13ea",
              "parentUUID": "dd0f0ee5-489b-44ef-88fe-536c9587c8e6",
              "isHook": false,
              "skipped": false
            }
          ],
          "suites": [],
          "passes": [],
          "failures": [
            "dd552874-f111-45ba-a05d-b2a6570d13ea"
          ],
          "pending": [],
          "skipped": [],
          "duration": 3789,
          "root": false,
          "rootEmpty": false,
          "_timeout": 2000
        }
      ],
      "passes": [],
      "failures": [],
      "pending": [],
      "skipped": [],
      "duration": 0,
      "root": true,
      "rootEmpty": true,
      "_timeout": 2000
    }
  ],
  "meta": {
    "mocha": {
      "version": "7.2.0"
    },
    "mochawesome": {
      "options": {
        "quiet": false,
        "reportFilename": "mochawesome",
        "saveHtml": false,
        "saveJson": true,
        "consoleReporter": "spec",
        "useInlineDiffs": false,
        "code": true
      },
      "version": "7.1.4"
    },
    "marge": {
      "options": {
        "reportDir": "cypress/reports",
        "overwrite": false,
        "html": false,
        "json": true
      },
      "version": "6.3.2"
    }
  }
}