{
  "stats": {
    "suites": 1,
    "tests": 1,
    "passes": 1,
    "pending": 0,
    "failures": 0,
    "start": "2025-11-26T16:44:08.494Z",
    "end": "2025-11-26T16:44:10.982Z",
    "duration": 2488,
    "testsRegistered": 1,
    "passPercent": 100,
    "pendingPercent": 0,
    "other": 0,
    "hasOther": false,
    "skipped": 0,
    "hasSkipped": false
  },
  "results": [
    {
      "uuid": "d6c23b02-dd4e-47d5-943c-dd142c4b8bf6",
      "title": "",
      "fullFile": "cypress\\e2e\\basics\\radio.cy.js",
      "file": "cypress\\e2e\\basics\\radio.cy.js",
      "beforeHooks": [],
      "afterHooks": [],
      "tests": [],
      "suites": [
        {
          "uuid": "0b65f9f9-ab48-444a-93cb-28a563d7194c",
          "title": "Radio-like Test - SauceDemo",
          "fullFile": "",
          "file": "",
          "beforeHooks": [],
          "afterHooks": [],
          "tests": [
            {
              "title": "should filter products using dropdown",
              "fullTitle": "Radio-like Test - SauceDemo should filter products using dropdown",
              "timedOut": null,
              "duration": 2393,
              "state": "passed",
              "speed": "fast",
              "pass": true,
              "fail": false,
              "pending": false,
              "context": null,
              "code": "cy.get('.product_sort_container').select('Name (Z to A)');\ncy.get('.inventory_item').first().should('contain.text', 'Test.allTheThings() T-Shirt (Red)');",
              "err": {},
              "uuid": "ce9ea729-6eb9-4761-8b9c-a6606922f612",
              "parentUUID": "0b65f9f9-ab48-444a-93cb-28a563d7194c",
              "isHook": false,
              "skipped": false
            }
          ],
          "suites": [],
          "passes": [
            "ce9ea729-6eb9-4761-8b9c-a6606922f612"
          ],
          "failures": [],
          "pending": [],
          "skipped": [],
          "duration": 2393,
          "root": false,
          "rootEmpty": false,
          "_timeout": 2000
        }
      ],
      "passes": [],
      "failures": [],
      "pending": [],
      "skipped": [],
      "duration": 0,
      "root": true,
      "rootEmpty": true,
      "_timeout": 2000
    }
  ],
  "meta": {
    "mocha": {
      "version": "7.2.0"
    },
    "mochawesome": {
      "options": {
        "quiet": false,
        "reportFilename": "mochawesome",
        "saveHtml": false,
        "saveJson": true,
        "consoleReporter": "spec",
        "useInlineDiffs": false,
        "code": true
      },
      "version": "7.1.4"
    },
    "marge": {
      "options": {
        "reportDir": "cypress/reports",
        "overwrite": false,
        "html": false,
        "json": true
      },
      "version": "6.3.2"
    }
  }
}