{
  "stats": {
    "suites": 1,
    "tests": 3,
    "passes": 2,
    "pending": 0,
    "failures": 1,
    "start": "2025-11-26T19:42:03.793Z",
    "end": "2025-11-26T19:42:12.376Z",
    "duration": 8583,
    "testsRegistered": 3,
    "passPercent": 66.66666666666666,
    "pendingPercent": 0,
    "other": 0,
    "hasOther": false,
    "skipped": 0,
    "hasSkipped": false
  },
  "results": [
    {
      "uuid": "d8b29691-3bf1-49ef-a50c-18101ae85a11",
      "title": "",
      "fullFile": "cypress\\e2e\\cart\\cart_badge.cy.js",
      "file": "cypress\\e2e\\cart\\cart_badge.cy.js",
      "beforeHooks": [],
      "afterHooks": [],
      "tests": [],
      "suites": [
        {
          "uuid": "eebe7278-a521-4f3c-9420-977689c5c569",
          "title": "Cart Badge UI",
          "fullFile": "",
          "file": "",
          "beforeHooks": [],
          "afterHooks": [],
          "tests": [
            {
              "title": "Aggiorna il badge quando aggiungi un prodotto",
              "fullTitle": "Cart Badge UI Aggiorna il badge quando aggiungi un prodotto",
              "timedOut": null,
              "duration": 3468,
              "state": "passed",
              "speed": "fast",
              "pass": true,
              "fail": false,
              "pending": false,
              "context": null,
              "code": "// Badge inizialmente non visibile\n_CartPage.default.getCartCount().should('not.exist');\n// Aggiungi il primo prodotto\n_CartPage.default.addFirstProductToCart();\n// Badge dovrebbe apparire con numero 1\n_CartPage.default.getCartCount().should('be.visible').and('contain.text', '1');",
              "err": {},
              "uuid": "ebb5ae2c-0c99-4622-a7b3-b298b97fa7ba",
              "parentUUID": "eebe7278-a521-4f3c-9420-977689c5c569",
              "isHook": false,
              "skipped": false
            },
            {
              "title": "Aggiorna il badge quando rimuovi un prodotto",
              "fullTitle": "Cart Badge UI Aggiorna il badge quando rimuovi un prodotto",
              "timedOut": null,
              "duration": 2963,
              "state": "passed",
              "speed": "fast",
              "pass": true,
              "fail": false,
              "pending": false,
              "context": null,
              "code": "// Aggiungi il primo prodotto\n_CartPage.default.addFirstProductToCart();\n_CartPage.default.getCartCount().should('be.visible').and('contain.text', '1');\n// Rimuovi il prodotto\n_CartPage.default.removeFirstProductFromCart();\n// Badge dovrebbe sparire\n_CartPage.default.getCartCount().should('not.exist');",
              "err": {},
              "uuid": "b40166c1-bf6e-4af7-b736-1e7d68f28f8d",
              "parentUUID": "eebe7278-a521-4f3c-9420-977689c5c569",
              "isHook": false,
              "skipped": false
            },
            {
              "title": "Aggiorna correttamente il badge con più prodotti",
              "fullTitle": "Cart Badge UI Aggiorna correttamente il badge con più prodotti",
              "timedOut": null,
              "duration": 1659,
              "state": "failed",
              "speed": null,
              "pass": false,
              "fail": true,
              "pending": false,
              "context": null,
              "code": "// Aggiunge i primi due prodotti diversi\n_CartPage.default.addProductToCartByIndex(0);\n_CartPage.default.addProductToCartByIndex(1);\n// Verifica badge con numero 2\n_CartPage.default.getCartCount().should('be.visible').and('contain.text', '2');\n// Rimuovi un prodotto\n_CartPage.default.removeFirstProductFromCart();\n_CartPage.default.getCartCount().should('be.visible').and('contain.text', '1');",
              "err": {
                "message": "TypeError: _CartPage.default.addProductToCartByIndex is not a function",
                "estack": "TypeError: _CartPage.default.addProductToCartByIndex is not a function\n    at Context.eval (webpack://cypressclean/./cypress/e2e/cart/cart_badge.cy.js:39:13)\n    at runnable.fn (https://www.saucedemo.com/__cypress/runner/cypress_runner.js:141800:19)\n    at callFn (https://www.saucedemo.com/__cypress/runner/cypress_runner.js:160869:21)\n    at Runnable.run (https://www.saucedemo.com/__cypress/runner/cypress_runner.js:160856:7)\n    at <unknown> (https://www.saucedemo.com/__cypress/runner/cypress_runner.js:166951:30)\n    at PassThroughHandlerContext.finallyHandler (https://www.saucedemo.com/__cypress/runner/cypress_runner.js:4042:23)\n    at PassThroughHandlerContext.tryCatcher (https://www.saucedemo.com/__cypress/runner/cypress_runner.js:1777:23)\n    at Promise._settlePromiseFromHandler (https://www.saucedemo.com/__cypress/runner/cypress_runner.js:1489:31)\n    at Promise._settlePromise (https://www.saucedemo.com/__cypress/runner/cypress_runner.js:1546:18)",
                "diff": null
              },
              "uuid": "94dc3827-6281-4b35-ad0c-e752038583b6",
              "parentUUID": "eebe7278-a521-4f3c-9420-977689c5c569",
              "isHook": false,
              "skipped": false
            }
          ],
          "suites": [],
          "passes": [
            "ebb5ae2c-0c99-4622-a7b3-b298b97fa7ba",
            "b40166c1-bf6e-4af7-b736-1e7d68f28f8d"
          ],
          "failures": [
            "94dc3827-6281-4b35-ad0c-e752038583b6"
          ],
          "pending": [],
          "skipped": [],
          "duration": 8090,
          "root": false,
          "rootEmpty": false,
          "_timeout": 2000
        }
      ],
      "passes": [],
      "failures": [],
      "pending": [],
      "skipped": [],
      "duration": 0,
      "root": true,
      "rootEmpty": true,
      "_timeout": 2000
    }
  ],
  "meta": {
    "mocha": {
      "version": "7.2.0"
    },
    "mochawesome": {
      "options": {
        "quiet": false,
        "reportFilename": "mochawesome",
        "saveHtml": false,
        "saveJson": true,
        "consoleReporter": "spec",
        "useInlineDiffs": false,
        "code": true
      },
      "version": "7.1.4"
    },
    "marge": {
      "options": {
        "reportDir": "cypress/reports",
        "overwrite": false,
        "html": false,
        "json": true
      },
      "version": "6.3.2"
    }
  }
}