{
  "stats": {
    "suites": 1,
    "tests": 1,
    "passes": 0,
    "pending": 0,
    "failures": 1,
    "start": "2025-11-28T15:09:38.819Z",
    "end": "2025-11-28T15:09:39.310Z",
    "duration": 491,
    "testsRegistered": 3,
    "passPercent": 0,
    "pendingPercent": 0,
    "other": 0,
    "hasOther": false,
    "skipped": 2,
    "hasSkipped": true
  },
  "results": [
    {
      "uuid": "42f7123b-8710-41d6-8220-a1b62512c050",
      "title": "",
      "fullFile": "cypress\\e2e\\smoke\\09_radio_realsite.cy.js",
      "file": "cypress\\e2e\\smoke\\09_radio_realsite.cy.js",
      "beforeHooks": [],
      "afterHooks": [],
      "tests": [],
      "suites": [
        {
          "uuid": "5a036808-fe0d-469b-8fe2-cb953496ac50",
          "title": "Radio Button Test - Local Fixture",
          "fullFile": "",
          "file": "",
          "beforeHooks": [],
          "afterHooks": [],
          "tests": [
            {
              "title": "Dovrebbe selezionare \"Female\" e verificare il messaggio",
              "fullTitle": "Radio Button Test - Local Fixture Dovrebbe selezionare \"Female\" e verificare il messaggio",
              "timedOut": null,
              "duration": 413,
              "state": "failed",
              "speed": null,
              "pass": false,
              "fail": true,
              "pending": false,
              "context": null,
              "code": "cy.get('input[name=\"optradio\"][value=\"Female\"]').check({\n  force: true\n});\ncy.get('#buttoncheck').click();\ncy.get('#result').should('contain.text', 'Female');",
              "err": {
                "message": "CypressError: `cy.visit()` failed trying to load:\n\nhttps://www.saucedemo.com/cypress/fixtures/radio_test.html\n\nThe response we received from your web server was:\n\n  > 404: Not Found\n\nThis was considered a failure because the status code was not `2xx`.\n\nIf you do not want status codes to cause failures pass the option: `failOnStatusCode: false`\n\nBecause this error occurred during a `before each` hook we are skipping the remaining tests in the current suite: `Radio Button Test - Local F...`",
                "estack": "CypressError: `cy.visit()` failed trying to load:\n\nhttps://www.saucedemo.com/cypress/fixtures/radio_test.html\n\nThe response we received from your web server was:\n\n  > 404: Not Found\n\nThis was considered a failure because the status code was not `2xx`.\n\nIf you do not want status codes to cause failures pass the option: `failOnStatusCode: false`\n\nBecause this error occurred during a `before each` hook we are skipping the remaining tests in the current suite: `Radio Button Test - Local F...`\n    at <unknown> (https://www.saucedemo.com/__cypress/runner/cypress_runner.js:134982:76)\n    at visitFailedByErr (https://www.saucedemo.com/__cypress/runner/cypress_runner.js:134552:12)\n    at <unknown> (https://www.saucedemo.com/__cypress/runner/cypress_runner.js:134965:13)\n    at tryCatcher (https://www.saucedemo.com/__cypress/runner/cypress_runner.js:1777:23)\n    at Promise._settlePromiseFromHandler (https://www.saucedemo.com/__cypress/runner/cypress_runner.js:1489:31)\n    at Promise._settlePromise (https://www.saucedemo.com/__cypress/runner/cypress_runner.js:1546:18)\n    at Promise._settlePromise0 (https://www.saucedemo.com/__cypress/runner/cypress_runner.js:1591:10)\n    at Promise._settlePromises (https://www.saucedemo.com/__cypress/runner/cypress_runner.js:1667:18)\n    at _drainQueueStep (https://www.saucedemo.com/__cypress/runner/cypress_runner.js:2377:12)\n    at _drainQueue (https://www.saucedemo.com/__cypress/runner/cypress_runner.js:2370:9)\n    at Async._drainQueues (https://www.saucedemo.com/__cypress/runner/cypress_runner.js:2386:5)\n    at Async.drainQueues (https://www.saucedemo.com/__cypress/runner/cypress_runner.js:2256:14)\nFrom Your Spec Code:\n    at Context.eval (webpack://cypressclean/./cypress/e2e/smoke/09_radio_realsite.cy.js:5:7)",
                "diff": null
              },
              "uuid": "dd549d30-0d70-4dbe-b74e-306f11b3229e",
              "parentUUID": "5a036808-fe0d-469b-8fe2-cb953496ac50",
              "isHook": false,
              "skipped": false
            },
            {
              "title": "Dovrebbe selezionare \"Male\" e verificare il messaggio",
              "fullTitle": "Radio Button Test - Local Fixture Dovrebbe selezionare \"Male\" e verificare il messaggio",
              "timedOut": null,
              "duration": 0,
              "state": "skipped",
              "speed": null,
              "pass": false,
              "fail": false,
              "pending": false,
              "context": null,
              "code": "cy.get('input[name=\"optradio\"][value=\"Male\"]').check({\n  force: true\n});\ncy.get('#buttoncheck').click();\ncy.get('#result').should('contain.text', 'Male');",
              "err": {},
              "uuid": "307848e1-9961-4ac1-b042-267fe0366c1e",
              "parentUUID": "5a036808-fe0d-469b-8fe2-cb953496ac50",
              "isHook": false,
              "skipped": true
            },
            {
              "title": "Dovrebbe mostrare \"No selection\" se non selezionato",
              "fullTitle": "Radio Button Test - Local Fixture Dovrebbe mostrare \"No selection\" se non selezionato",
              "timedOut": null,
              "duration": 0,
              "state": "skipped",
              "speed": null,
              "pass": false,
              "fail": false,
              "pending": false,
              "context": null,
              "code": "cy.get('#buttoncheck').click();\ncy.get('#result').should('contain.text', 'No selection');",
              "err": {},
              "uuid": "96c8aaf9-8a9f-4082-80ba-7bf5d14363e6",
              "parentUUID": "5a036808-fe0d-469b-8fe2-cb953496ac50",
              "isHook": false,
              "skipped": true
            }
          ],
          "suites": [],
          "passes": [],
          "failures": [
            "dd549d30-0d70-4dbe-b74e-306f11b3229e"
          ],
          "pending": [],
          "skipped": [
            "307848e1-9961-4ac1-b042-267fe0366c1e",
            "96c8aaf9-8a9f-4082-80ba-7bf5d14363e6"
          ],
          "duration": 413,
          "root": false,
          "rootEmpty": false,
          "_timeout": 2000
        }
      ],
      "passes": [],
      "failures": [],
      "pending": [],
      "skipped": [],
      "duration": 0,
      "root": true,
      "rootEmpty": true,
      "_timeout": 2000
    }
  ],
  "meta": {
    "mocha": {
      "version": "7.2.0"
    },
    "mochawesome": {
      "options": {
        "quiet": false,
        "reportFilename": "mochawesome",
        "saveHtml": false,
        "saveJson": true,
        "consoleReporter": "spec",
        "useInlineDiffs": false,
        "code": true
      },
      "version": "7.1.4"
    },
    "marge": {
      "options": {
        "reportDir": "cypress/reports",
        "overwrite": false,
        "html": false,
        "json": true
      },
      "version": "6.3.2"
    }
  }
}